<?xml version="1.0" encoding="UTF-8"?>
<!-- Generated by org.testng.reporters.JUnitXMLReporter -->
<testsuite ignored="0" hostname="LAPTOP-P2QE43U4" failures="1" tests="13" name="Default test" time="100.259" errors="0" timestamp="2024-08-29T08:21:02 CDT">
  <testcase classname="io.cucumber.testng.AbstractTestNGCucumberTests" name="runScenario" time="80.465"/>
  <testcase classname="io.cucumber.testng.AbstractTestNGCucumberTests" name="runScenario" time="86.642"/>
  <testcase classname="io.cucumber.testng.AbstractTestNGCucumberTests" name="runScenario" time="86.98"/>
  <testcase classname="io.cucumber.testng.AbstractTestNGCucumberTests" name="runScenario" time="91.465"/>
  <testcase classname="io.cucumber.testng.AbstractTestNGCucumberTests" name="runScenario" time="91.489"/>
  <testcase classname="io.cucumber.testng.AbstractTestNGCucumberTests" name="runScenario" time="91.519"/>
  <testcase classname="io.cucumber.testng.AbstractTestNGCucumberTests" name="runScenario" time="13.581"/>
  <testcase classname="io.cucumber.testng.AbstractTestNGCucumberTests" name="runScenario" time="94.388"/>
  <testcase classname="io.cucumber.testng.AbstractTestNGCucumberTests" name="runScenario" time="94.978"/>
  <testcase classname="io.cucumber.testng.AbstractTestNGCucumberTests" name="runScenario" time="95.669"/>
  <testcase classname="io.cucumber.testng.AbstractTestNGCucumberTests" name="runScenario" time="8.731"/>
  <testcase classname="io.cucumber.testng.AbstractTestNGCucumberTests" name="runScenario" time="97.327"/>
  <testcase classname="io.cucumber.testng.AbstractTestNGCucumberTests" name="runScenario" time="11.674">
    <failure type="java.lang.NullPointerException" message="Cannot invoke &amp;quot;org.apache.poi.xssf.usermodel.XSSFRow.getCell(int)&amp;quot; because the return value of &amp;quot;org.apache.poi.xssf.usermodel.XSSFSheet.getRow(int)&amp;quot; is null">
      <![CDATA[java.lang.NullPointerException: Cannot invoke "org.apache.poi.xssf.usermodel.XSSFRow.getCell(int)" because the return value of "org.apache.poi.xssf.usermodel.XSSFSheet.getRow(int)" is null
at Utils.ExcelDataRetriver.getExceldata(ExcelDataRetriver.java:15)
at StepDefination.NegativeStepDefination.user_enters_invalid_username_and_invalid_password_and_clicks_login_button(NegativeStepDefination.java:32)
at ✽.User enters invalid Username and invalid password and clicks login button(file:///C:/Users/bhara/eclipse-workspace/DSAlgoCucumberBDDFrameWork/src/test/resources/Featurefile/NegativeScenarios.feature:12)
]]>
    </failure>
  </testcase> <!-- runScenario -->
</testsuite> <!-- Default test -->
