<?xml version="1.0" encoding="UTF-8"?>
<testng-results ignored="0" total="10" passed="10" failed="0" skipped="0">
  <reporter-output>
  </reporter-output>
  <suite started-at="2024-08-21T10:21:59 CDT" name="Default suite" finished-at="2024-08-21T10:23:12 CDT" duration-ms="73094">
    <groups>
      <group name="cucumber">
        <method signature="AbstractTestNGCucumberTests.runScenario(io.cucumber.testng.PickleWrapper,io.cucumber.testng.FeatureWrapper)[pri:0, instance:cucumberoptions.TestNgRunner@4c5ae43b]" name="runScenario" class="io.cucumber.testng.AbstractTestNGCucumberTests"/>
      </group> <!-- cucumber -->
    </groups>
    <test started-at="2024-08-21T10:21:59 CDT" name="Default test" finished-at="2024-08-21T10:23:12 CDT" duration-ms="73094">
      <class name="cucumberoptions.TestNgRunner">
        <test-method is-config="true" signature="setUpClass(org.testng.ITestContext)[pri:0, instance:cucumberoptions.TestNgRunner@4c5ae43b]" started-at="2024-08-21T10:21:59 CDT" name="setUpClass" finished-at="2024-08-21T10:22:01 CDT" duration-ms="1689" status="PASS">
          <params>
            <param index="0">
              <value>
                <![CDATA[org.testng.TestRunner@8deb645]]>
              </value>
            </param>
          </params>
          <reporter-output>
          </reporter-output>
        </test-method> <!-- setUpClass -->
        <test-method signature="runScenario(io.cucumber.testng.PickleWrapper,io.cucumber.testng.FeatureWrapper)[pri:0, instance:cucumberoptions.TestNgRunner@4c5ae43b]" started-at="2024-08-21T10:22:01 CDT" name="runScenario" description="Runs Cucumber Scenarios" data-provider="scenarios" finished-at="2024-08-21T10:23:09 CDT" duration-ms="67951" status="PASS">
          <params>
            <param index="0">
              <value>
                <![CDATA["Verify the Arrays in Python Topics"]]>
              </value>
            </param>
            <param index="1">
              <value>
                <![CDATA["Verify Arrays page"]]>
              </value>
            </param>
          </params>
          <reporter-output>
          </reporter-output>
        </test-method> <!-- runScenario -->
        <test-method signature="runScenario(io.cucumber.testng.PickleWrapper,io.cucumber.testng.FeatureWrapper)[pri:0, instance:cucumberoptions.TestNgRunner@4c5ae43b]" started-at="2024-08-21T10:22:01 CDT" name="runScenario" description="Runs Cucumber Scenarios" data-provider="scenarios" finished-at="2024-08-21T10:23:11 CDT" duration-ms="70603" status="PASS">
          <params>
            <param index="0">
              <value>
                <![CDATA["Verify the Arrays in Python Topics"]]>
              </value>
            </param>
            <param index="1">
              <value>
                <![CDATA["Verify Arrays page"]]>
              </value>
            </param>
          </params>
          <reporter-output>
          </reporter-output>
        </test-method> <!-- runScenario -->
        <test-method signature="runScenario(io.cucumber.testng.PickleWrapper,io.cucumber.testng.FeatureWrapper)[pri:0, instance:cucumberoptions.TestNgRunner@4c5ae43b]" started-at="2024-08-21T10:22:01 CDT" name="runScenario" description="Runs Cucumber Scenarios" data-provider="scenarios" finished-at="2024-08-21T10:23:11 CDT" duration-ms="70361" status="PASS">
          <params>
            <param index="0">
              <value>
                <![CDATA["Verify the Arrays Using List Topics"]]>
              </value>
            </param>
            <param index="1">
              <value>
                <![CDATA["Verify Arrays page"]]>
              </value>
            </param>
          </params>
          <reporter-output>
          </reporter-output>
        </test-method> <!-- runScenario -->
        <test-method signature="runScenario(io.cucumber.testng.PickleWrapper,io.cucumber.testng.FeatureWrapper)[pri:0, instance:cucumberoptions.TestNgRunner@4c5ae43b]" started-at="2024-08-21T10:22:01 CDT" name="runScenario" description="Runs Cucumber Scenarios" data-provider="scenarios" finished-at="2024-08-21T10:23:08 CDT" duration-ms="67467" status="PASS">
          <params>
            <param index="0">
              <value>
                <![CDATA["Verify the Arrays Using List Topics"]]>
              </value>
            </param>
            <param index="1">
              <value>
                <![CDATA["Verify Arrays page"]]>
              </value>
            </param>
          </params>
          <reporter-output>
          </reporter-output>
        </test-method> <!-- runScenario -->
        <test-method signature="runScenario(io.cucumber.testng.PickleWrapper,io.cucumber.testng.FeatureWrapper)[pri:0, instance:cucumberoptions.TestNgRunner@4c5ae43b]" started-at="2024-08-21T10:22:01 CDT" name="runScenario" description="Runs Cucumber Scenarios" data-provider="scenarios" finished-at="2024-08-21T10:23:11 CDT" duration-ms="70427" status="PASS">
          <params>
            <param index="0">
              <value>
                <![CDATA["Verify the Basic Operations in Lists Topics"]]>
              </value>
            </param>
            <param index="1">
              <value>
                <![CDATA["Verify Arrays page"]]>
              </value>
            </param>
          </params>
          <reporter-output>
          </reporter-output>
        </test-method> <!-- runScenario -->
        <test-method signature="runScenario(io.cucumber.testng.PickleWrapper,io.cucumber.testng.FeatureWrapper)[pri:0, instance:cucumberoptions.TestNgRunner@4c5ae43b]" started-at="2024-08-21T10:22:01 CDT" name="runScenario" description="Runs Cucumber Scenarios" data-provider="scenarios" finished-at="2024-08-21T10:23:11 CDT" duration-ms="70293" status="PASS">
          <params>
            <param index="0">
              <value>
                <![CDATA["Verify the Basic Operations in Lists Topics"]]>
              </value>
            </param>
            <param index="1">
              <value>
                <![CDATA["Verify Arrays page"]]>
              </value>
            </param>
          </params>
          <reporter-output>
          </reporter-output>
        </test-method> <!-- runScenario -->
        <test-method signature="runScenario(io.cucumber.testng.PickleWrapper,io.cucumber.testng.FeatureWrapper)[pri:0, instance:cucumberoptions.TestNgRunner@4c5ae43b]" started-at="2024-08-21T10:22:01 CDT" name="runScenario" description="Runs Cucumber Scenarios" data-provider="scenarios" finished-at="2024-08-21T10:23:11 CDT" duration-ms="70577" status="PASS">
          <params>
            <param index="0">
              <value>
                <![CDATA["Verify Applications of Array Topics"]]>
              </value>
            </param>
            <param index="1">
              <value>
                <![CDATA["Verify Arrays page"]]>
              </value>
            </param>
          </params>
          <reporter-output>
          </reporter-output>
        </test-method> <!-- runScenario -->
        <test-method signature="runScenario(io.cucumber.testng.PickleWrapper,io.cucumber.testng.FeatureWrapper)[pri:0, instance:cucumberoptions.TestNgRunner@4c5ae43b]" started-at="2024-08-21T10:22:01 CDT" name="runScenario" description="Runs Cucumber Scenarios" data-provider="scenarios" finished-at="2024-08-21T10:23:08 CDT" duration-ms="66811" status="PASS">
          <params>
            <param index="0">
              <value>
                <![CDATA["Verify DataStructure page"]]>
              </value>
            </param>
            <param index="1">
              <value>
                <![CDATA["DsAlgo Landing page"]]>
              </value>
            </param>
          </params>
          <reporter-output>
          </reporter-output>
        </test-method> <!-- runScenario -->
        <test-method signature="runScenario(io.cucumber.testng.PickleWrapper,io.cucumber.testng.FeatureWrapper)[pri:0, instance:cucumberoptions.TestNgRunner@4c5ae43b]" started-at="2024-08-21T10:22:01 CDT" name="runScenario" description="Runs Cucumber Scenarios" data-provider="scenarios" finished-at="2024-08-21T10:23:11 CDT" duration-ms="69891" status="PASS">
          <params>
            <param index="0">
              <value>
                <![CDATA["Verify Applications of Array Topics"]]>
              </value>
            </param>
            <param index="1">
              <value>
                <![CDATA["Verify Arrays page"]]>
              </value>
            </param>
          </params>
          <reporter-output>
          </reporter-output>
        </test-method> <!-- runScenario -->
        <test-method signature="runScenario(io.cucumber.testng.PickleWrapper,io.cucumber.testng.FeatureWrapper)[pri:0, instance:cucumberoptions.TestNgRunner@4c5ae43b]" started-at="2024-08-21T10:22:01 CDT" name="runScenario" description="Runs Cucumber Scenarios" data-provider="scenarios" finished-at="2024-08-21T10:23:11 CDT" duration-ms="70318" status="PASS">
          <params>
            <param index="0">
              <value>
                <![CDATA["Verify DataStructure page"]]>
              </value>
            </param>
            <param index="1">
              <value>
                <![CDATA["DsAlgo Landing page"]]>
              </value>
            </param>
          </params>
          <reporter-output>
          </reporter-output>
        </test-method> <!-- runScenario -->
        <test-method is-config="true" signature="tearDownClass()[pri:0, instance:cucumberoptions.TestNgRunner@4c5ae43b]" started-at="2024-08-21T10:23:11 CDT" name="tearDownClass" finished-at="2024-08-21T10:23:12 CDT" duration-ms="680" status="PASS">
          <reporter-output>
          </reporter-output>
        </test-method> <!-- tearDownClass -->
      </class> <!-- cucumberoptions.TestNgRunner -->
    </test> <!-- Default test -->
  </suite> <!-- Default suite -->
</testng-results>
