<?xml version="1.0" encoding="UTF-8"?>
<testng-results ignored="0" total="13" passed="12" failed="1" skipped="0">
  <reporter-output>
  </reporter-output>
  <suite started-at="2024-08-29T08:19:22 CDT" name="Default suite" finished-at="2024-08-29T08:21:02 CDT" duration-ms="100259">
    <groups>
      <group name="cucumber">
        <method signature="AbstractTestNGCucumberTests.runScenario(io.cucumber.testng.PickleWrapper,io.cucumber.testng.FeatureWrapper)[pri:0, instance:cucumberoptions.TestNgRunner@26adfd2d]" name="runScenario" class="io.cucumber.testng.AbstractTestNGCucumberTests"/>
      </group> <!-- cucumber -->
    </groups>
    <test started-at="2024-08-29T08:19:22 CDT" name="Default test" finished-at="2024-08-29T08:21:02 CDT" duration-ms="100259">
      <class name="cucumberoptions.TestNgRunner">
        <test-method is-config="true" signature="setUpClass(org.testng.ITestContext)[pri:0, instance:cucumberoptions.TestNgRunner@26adfd2d]" started-at="2024-08-29T08:19:22 CDT" name="setUpClass" finished-at="2024-08-29T08:19:23 CDT" duration-ms="920" status="PASS">
          <params>
            <param index="0">
              <value>
                <![CDATA[org.testng.TestRunner@3c69362a]]>
              </value>
            </param>
          </params>
          <reporter-output>
          </reporter-output>
        </test-method> <!-- setUpClass -->
        <test-method signature="runScenario(io.cucumber.testng.PickleWrapper,io.cucumber.testng.FeatureWrapper)[pri:0, instance:cucumberoptions.TestNgRunner@26adfd2d]" started-at="2024-08-29T08:19:23 CDT" name="runScenario" description="Runs Cucumber Scenarios" data-provider="scenarios" finished-at="2024-08-29T08:20:54 CDT" duration-ms="91519" status="PASS">
          <params>
            <param index="0">
              <value>
                <![CDATA["Verify the Arrays in Python Topics"]]>
              </value>
            </param>
            <param index="1">
              <value>
                <![CDATA["Verify Arrays page"]]>
              </value>
            </param>
          </params>
          <reporter-output>
          </reporter-output>
        </test-method> <!-- runScenario -->
        <test-method signature="runScenario(io.cucumber.testng.PickleWrapper,io.cucumber.testng.FeatureWrapper)[pri:0, instance:cucumberoptions.TestNgRunner@26adfd2d]" started-at="2024-08-29T08:19:23 CDT" name="runScenario" description="Runs Cucumber Scenarios" data-provider="scenarios" finished-at="2024-08-29T08:20:43 CDT" duration-ms="80465" status="PASS">
          <params>
            <param index="0">
              <value>
                <![CDATA["Verify the Basic Operations in Lists Topics"]]>
              </value>
            </param>
            <param index="1">
              <value>
                <![CDATA["Verify Arrays page"]]>
              </value>
            </param>
          </params>
          <reporter-output>
          </reporter-output>
        </test-method> <!-- runScenario -->
        <test-method signature="runScenario(io.cucumber.testng.PickleWrapper,io.cucumber.testng.FeatureWrapper)[pri:0, instance:cucumberoptions.TestNgRunner@26adfd2d]" started-at="2024-08-29T08:19:23 CDT" name="runScenario" description="Runs Cucumber Scenarios" data-provider="scenarios" finished-at="2024-08-29T08:20:58 CDT" duration-ms="95669" status="PASS">
          <params>
            <param index="0">
              <value>
                <![CDATA["Verify the Basic Operations in Lists Topics"]]>
              </value>
            </param>
            <param index="1">
              <value>
                <![CDATA["Verify Arrays page"]]>
              </value>
            </param>
          </params>
          <reporter-output>
          </reporter-output>
        </test-method> <!-- runScenario -->
        <test-method signature="runScenario(io.cucumber.testng.PickleWrapper,io.cucumber.testng.FeatureWrapper)[pri:0, instance:cucumberoptions.TestNgRunner@26adfd2d]" started-at="2024-08-29T08:19:23 CDT" name="runScenario" description="Runs Cucumber Scenarios" data-provider="scenarios" finished-at="2024-08-29T08:20:54 CDT" duration-ms="91489" status="PASS">
          <params>
            <param index="0">
              <value>
                <![CDATA["Verify the Arrays Using List Topics"]]>
              </value>
            </param>
            <param index="1">
              <value>
                <![CDATA["Verify Arrays page"]]>
              </value>
            </param>
          </params>
          <reporter-output>
          </reporter-output>
        </test-method> <!-- runScenario -->
        <test-method signature="runScenario(io.cucumber.testng.PickleWrapper,io.cucumber.testng.FeatureWrapper)[pri:0, instance:cucumberoptions.TestNgRunner@26adfd2d]" started-at="2024-08-29T08:19:23 CDT" name="runScenario" description="Runs Cucumber Scenarios" data-provider="scenarios" finished-at="2024-08-29T08:20:58 CDT" duration-ms="94978" status="PASS">
          <params>
            <param index="0">
              <value>
                <![CDATA["Verify the Arrays in Python Topics"]]>
              </value>
            </param>
            <param index="1">
              <value>
                <![CDATA["Verify Arrays page"]]>
              </value>
            </param>
          </params>
          <reporter-output>
          </reporter-output>
        </test-method> <!-- runScenario -->
        <test-method signature="runScenario(io.cucumber.testng.PickleWrapper,io.cucumber.testng.FeatureWrapper)[pri:0, instance:cucumberoptions.TestNgRunner@26adfd2d]" started-at="2024-08-29T08:19:23 CDT" name="runScenario" description="Runs Cucumber Scenarios" data-provider="scenarios" finished-at="2024-08-29T08:21:00 CDT" duration-ms="97327" status="PASS">
          <params>
            <param index="0">
              <value>
                <![CDATA["Verify Applications of Array Topics"]]>
              </value>
            </param>
            <param index="1">
              <value>
                <![CDATA["Verify Arrays page"]]>
              </value>
            </param>
          </params>
          <reporter-output>
          </reporter-output>
        </test-method> <!-- runScenario -->
        <test-method signature="runScenario(io.cucumber.testng.PickleWrapper,io.cucumber.testng.FeatureWrapper)[pri:0, instance:cucumberoptions.TestNgRunner@26adfd2d]" started-at="2024-08-29T08:19:23 CDT" name="runScenario" description="Runs Cucumber Scenarios" data-provider="scenarios" finished-at="2024-08-29T08:20:50 CDT" duration-ms="86980" status="PASS">
          <params>
            <param index="0">
              <value>
                <![CDATA["Verify the Arrays Using List Topics"]]>
              </value>
            </param>
            <param index="1">
              <value>
                <![CDATA["Verify Arrays page"]]>
              </value>
            </param>
          </params>
          <reporter-output>
          </reporter-output>
        </test-method> <!-- runScenario -->
        <test-method signature="runScenario(io.cucumber.testng.PickleWrapper,io.cucumber.testng.FeatureWrapper)[pri:0, instance:cucumberoptions.TestNgRunner@26adfd2d]" started-at="2024-08-29T08:19:23 CDT" name="runScenario" description="Runs Cucumber Scenarios" data-provider="scenarios" finished-at="2024-08-29T08:20:57 CDT" duration-ms="94388" status="PASS">
          <params>
            <param index="0">
              <value>
                <![CDATA["Verify Applications of Array Topics"]]>
              </value>
            </param>
            <param index="1">
              <value>
                <![CDATA["Verify Arrays page"]]>
              </value>
            </param>
          </params>
          <reporter-output>
          </reporter-output>
        </test-method> <!-- runScenario -->
        <test-method signature="runScenario(io.cucumber.testng.PickleWrapper,io.cucumber.testng.FeatureWrapper)[pri:0, instance:cucumberoptions.TestNgRunner@26adfd2d]" started-at="2024-08-29T08:19:23 CDT" name="runScenario" description="Runs Cucumber Scenarios" data-provider="scenarios" finished-at="2024-08-29T08:20:49 CDT" duration-ms="86642" status="PASS">
          <params>
            <param index="0">
              <value>
                <![CDATA["Verify DataStructure page"]]>
              </value>
            </param>
            <param index="1">
              <value>
                <![CDATA["DsAlgo Landing page"]]>
              </value>
            </param>
          </params>
          <reporter-output>
          </reporter-output>
        </test-method> <!-- runScenario -->
        <test-method signature="runScenario(io.cucumber.testng.PickleWrapper,io.cucumber.testng.FeatureWrapper)[pri:0, instance:cucumberoptions.TestNgRunner@26adfd2d]" started-at="2024-08-29T08:19:23 CDT" name="runScenario" description="Runs Cucumber Scenarios" data-provider="scenarios" finished-at="2024-08-29T08:20:54 CDT" duration-ms="91465" status="PASS">
          <params>
            <param index="0">
              <value>
                <![CDATA["Verify DataStructure page"]]>
              </value>
            </param>
            <param index="1">
              <value>
                <![CDATA["DsAlgo Landing page"]]>
              </value>
            </param>
          </params>
          <reporter-output>
          </reporter-output>
        </test-method> <!-- runScenario -->
        <test-method signature="runScenario(io.cucumber.testng.PickleWrapper,io.cucumber.testng.FeatureWrapper)[pri:0, instance:cucumberoptions.TestNgRunner@26adfd2d]" started-at="2024-08-29T08:20:43 CDT" name="runScenario" description="Runs Cucumber Scenarios" data-provider="scenarios" finished-at="2024-08-29T08:20:57 CDT" duration-ms="13581" status="PASS">
          <params>
            <param index="0">
              <value>
                <![CDATA["Verify loginpage Signin page"]]>
              </value>
            </param>
            <param index="1">
              <value>
                <![CDATA["Negative Scenario for username and password"]]>
              </value>
            </param>
          </params>
          <reporter-output>
          </reporter-output>
        </test-method> <!-- runScenario -->
        <test-method signature="runScenario(io.cucumber.testng.PickleWrapper,io.cucumber.testng.FeatureWrapper)[pri:0, instance:cucumberoptions.TestNgRunner@26adfd2d]" started-at="2024-08-29T08:20:49 CDT" name="runScenario" description="Runs Cucumber Scenarios" data-provider="scenarios" finished-at="2024-08-29T08:21:01 CDT" duration-ms="11674" status="FAIL">
          <params>
            <param index="0">
              <value>
                <![CDATA["Verify login page"]]>
              </value>
            </param>
            <param index="1">
              <value>
                <![CDATA["Negative Scenario for username and password"]]>
              </value>
            </param>
          </params>
          <exception class="java.lang.NullPointerException">
            <message>
              <![CDATA[Cannot invoke "org.apache.poi.xssf.usermodel.XSSFRow.getCell(int)" because the return value of "org.apache.poi.xssf.usermodel.XSSFSheet.getRow(int)" is null]]>
            </message>
            <full-stacktrace>
              <![CDATA[java.lang.NullPointerException: Cannot invoke "org.apache.poi.xssf.usermodel.XSSFRow.getCell(int)" because the return value of "org.apache.poi.xssf.usermodel.XSSFSheet.getRow(int)" is null
at Utils.ExcelDataRetriver.getExceldata(ExcelDataRetriver.java:15)
at StepDefination.NegativeStepDefination.user_enters_invalid_username_and_invalid_password_and_clicks_login_button(NegativeStepDefination.java:32)
at ✽.User enters invalid Username and invalid password and clicks login button(file:///C:/Users/bhara/eclipse-workspace/DSAlgoCucumberBDDFrameWork/src/test/resources/Featurefile/NegativeScenarios.feature:12)
]]>
            </full-stacktrace>
          </exception> <!-- java.lang.NullPointerException -->
          <reporter-output>
          </reporter-output>
        </test-method> <!-- runScenario -->
        <test-method signature="runScenario(io.cucumber.testng.PickleWrapper,io.cucumber.testng.FeatureWrapper)[pri:0, instance:cucumberoptions.TestNgRunner@26adfd2d]" started-at="2024-08-29T08:20:50 CDT" name="runScenario" description="Runs Cucumber Scenarios" data-provider="scenarios" finished-at="2024-08-29T08:20:58 CDT" duration-ms="8731" status="PASS">
          <params>
            <param index="0">
              <value>
                <![CDATA["Verify login page"]]>
              </value>
            </param>
            <param index="1">
              <value>
                <![CDATA["Negative Scenario for username and password"]]>
              </value>
            </param>
          </params>
          <reporter-output>
          </reporter-output>
        </test-method> <!-- runScenario -->
        <test-method is-config="true" signature="tearDownClass()[pri:0, instance:cucumberoptions.TestNgRunner@26adfd2d]" started-at="2024-08-29T08:21:01 CDT" name="tearDownClass" finished-at="2024-08-29T08:21:02 CDT" duration-ms="931" status="PASS">
          <reporter-output>
          </reporter-output>
        </test-method> <!-- tearDownClass -->
      </class> <!-- cucumberoptions.TestNgRunner -->
    </test> <!-- Default test -->
  </suite> <!-- Default suite -->
</testng-results>
