<?xml version="1.0" encoding="UTF-8"?>
<testng-results ignored="0" total="14" passed="14" failed="0" skipped="0">
  <reporter-output>
  </reporter-output>
  <suite started-at="2024-09-10T07:53:42 IST" name="Default suite" finished-at="2024-09-10T07:54:51 IST" duration-ms="69091">
    <groups>
      <group name="cucumber">
        <method signature="AbstractTestNGCucumberTests.runScenario(io.cucumber.testng.PickleWrapper,io.cucumber.testng.FeatureWrapper)[pri:0, instance:cucumberoptions.TestNgRunner@26adfd2d]" name="runScenario" class="io.cucumber.testng.AbstractTestNGCucumberTests"/>
      </group> <!-- cucumber -->
    </groups>
    <test started-at="2024-09-10T07:53:42 IST" name="Default test" finished-at="2024-09-10T07:54:51 IST" duration-ms="69091">
      <class name="cucumberoptions.TestNgRunner">
        <test-method is-config="true" signature="setUpClass(org.testng.ITestContext)[pri:0, instance:cucumberoptions.TestNgRunner@26adfd2d]" started-at="2024-09-10T07:53:42 IST" name="setUpClass" finished-at="2024-09-10T07:53:43 IST" duration-ms="936" status="PASS">
          <params>
            <param index="0">
              <value>
                <![CDATA[org.testng.TestRunner@212dfd39]]>
              </value>
            </param>
          </params>
          <reporter-output>
          </reporter-output>
        </test-method> <!-- setUpClass -->
        <test-method signature="runScenario(io.cucumber.testng.PickleWrapper,io.cucumber.testng.FeatureWrapper)[pri:0, instance:cucumberoptions.TestNgRunner@26adfd2d]" started-at="2024-09-10T07:53:43 IST" name="runScenario" description="Runs Cucumber Scenarios" data-provider="scenarios" finished-at="2024-09-10T07:54:37 IST" duration-ms="53885" status="PASS">
          <params>
            <param index="0">
              <value>
                <![CDATA["Verify the Arrays in Python Topics"]]>
              </value>
            </param>
            <param index="1">
              <value>
                <![CDATA["Verify Arrays page"]]>
              </value>
            </param>
          </params>
          <reporter-output>
          </reporter-output>
        </test-method> <!-- runScenario -->
        <test-method signature="runScenario(io.cucumber.testng.PickleWrapper,io.cucumber.testng.FeatureWrapper)[pri:0, instance:cucumberoptions.TestNgRunner@26adfd2d]" started-at="2024-09-10T07:53:43 IST" name="runScenario" description="Runs Cucumber Scenarios" data-provider="scenarios" finished-at="2024-09-10T07:54:31 IST" duration-ms="48182" status="PASS">
          <params>
            <param index="0">
              <value>
                <![CDATA["Verify the Basic Operations in Lists Topics"]]>
              </value>
            </param>
            <param index="1">
              <value>
                <![CDATA["Verify Arrays page"]]>
              </value>
            </param>
          </params>
          <reporter-output>
          </reporter-output>
        </test-method> <!-- runScenario -->
        <test-method signature="runScenario(io.cucumber.testng.PickleWrapper,io.cucumber.testng.FeatureWrapper)[pri:0, instance:cucumberoptions.TestNgRunner@26adfd2d]" started-at="2024-09-10T07:53:43 IST" name="runScenario" description="Runs Cucumber Scenarios" data-provider="scenarios" finished-at="2024-09-10T07:54:38 IST" duration-ms="54794" status="PASS">
          <params>
            <param index="0">
              <value>
                <![CDATA["Verify the Arrays in Python Topics"]]>
              </value>
            </param>
            <param index="1">
              <value>
                <![CDATA["Verify Arrays page"]]>
              </value>
            </param>
          </params>
          <reporter-output>
          </reporter-output>
        </test-method> <!-- runScenario -->
        <test-method signature="runScenario(io.cucumber.testng.PickleWrapper,io.cucumber.testng.FeatureWrapper)[pri:0, instance:cucumberoptions.TestNgRunner@26adfd2d]" started-at="2024-09-10T07:53:43 IST" name="runScenario" description="Runs Cucumber Scenarios" data-provider="scenarios" finished-at="2024-09-10T07:54:43 IST" duration-ms="59692" status="PASS">
          <params>
            <param index="0">
              <value>
                <![CDATA["Verify the Arrays Using List Topics"]]>
              </value>
            </param>
            <param index="1">
              <value>
                <![CDATA["Verify Arrays page"]]>
              </value>
            </param>
          </params>
          <reporter-output>
          </reporter-output>
        </test-method> <!-- runScenario -->
        <test-method signature="runScenario(io.cucumber.testng.PickleWrapper,io.cucumber.testng.FeatureWrapper)[pri:0, instance:cucumberoptions.TestNgRunner@26adfd2d]" started-at="2024-09-10T07:53:43 IST" name="runScenario" description="Runs Cucumber Scenarios" data-provider="scenarios" finished-at="2024-09-10T07:54:37 IST" duration-ms="53903" status="PASS">
          <params>
            <param index="0">
              <value>
                <![CDATA["Verify the Arrays Using List Topics"]]>
              </value>
            </param>
            <param index="1">
              <value>
                <![CDATA["Verify Arrays page"]]>
              </value>
            </param>
          </params>
          <reporter-output>
          </reporter-output>
        </test-method> <!-- runScenario -->
        <test-method signature="runScenario(io.cucumber.testng.PickleWrapper,io.cucumber.testng.FeatureWrapper)[pri:0, instance:cucumberoptions.TestNgRunner@26adfd2d]" started-at="2024-09-10T07:53:43 IST" name="runScenario" description="Runs Cucumber Scenarios" data-provider="scenarios" finished-at="2024-09-10T07:54:32 IST" duration-ms="48649" status="PASS">
          <params>
            <param index="0">
              <value>
                <![CDATA["Verify the Basic Operations in Lists Topics"]]>
              </value>
            </param>
            <param index="1">
              <value>
                <![CDATA["Verify Arrays page"]]>
              </value>
            </param>
          </params>
          <reporter-output>
          </reporter-output>
        </test-method> <!-- runScenario -->
        <test-method signature="runScenario(io.cucumber.testng.PickleWrapper,io.cucumber.testng.FeatureWrapper)[pri:0, instance:cucumberoptions.TestNgRunner@26adfd2d]" started-at="2024-09-10T07:53:43 IST" name="runScenario" description="Runs Cucumber Scenarios" data-provider="scenarios" finished-at="2024-09-10T07:54:45 IST" duration-ms="62313" status="PASS">
          <params>
            <param index="0">
              <value>
                <![CDATA["Verify Applications of Array Topics"]]>
              </value>
            </param>
            <param index="1">
              <value>
                <![CDATA["Verify Arrays page"]]>
              </value>
            </param>
          </params>
          <reporter-output>
          </reporter-output>
        </test-method> <!-- runScenario -->
        <test-method signature="runScenario(io.cucumber.testng.PickleWrapper,io.cucumber.testng.FeatureWrapper)[pri:0, instance:cucumberoptions.TestNgRunner@26adfd2d]" started-at="2024-09-10T07:53:43 IST" name="runScenario" description="Runs Cucumber Scenarios" data-provider="scenarios" finished-at="2024-09-10T07:54:31 IST" duration-ms="47766" status="PASS">
          <params>
            <param index="0">
              <value>
                <![CDATA["Verify Applications of Array Topics"]]>
              </value>
            </param>
            <param index="1">
              <value>
                <![CDATA["Verify Arrays page"]]>
              </value>
            </param>
          </params>
          <reporter-output>
          </reporter-output>
        </test-method> <!-- runScenario -->
        <test-method signature="runScenario(io.cucumber.testng.PickleWrapper,io.cucumber.testng.FeatureWrapper)[pri:0, instance:cucumberoptions.TestNgRunner@26adfd2d]" started-at="2024-09-10T07:53:43 IST" name="runScenario" description="Runs Cucumber Scenarios" data-provider="scenarios" finished-at="2024-09-10T07:54:48 IST" duration-ms="64826" status="PASS">
          <params>
            <param index="0">
              <value>
                <![CDATA["Verify the Operations in Stack Topics"]]>
              </value>
            </param>
            <param index="1">
              <value>
                <![CDATA["Verify Arrays page"]]>
              </value>
            </param>
          </params>
          <reporter-output>
          </reporter-output>
        </test-method> <!-- runScenario -->
        <test-method signature="runScenario(io.cucumber.testng.PickleWrapper,io.cucumber.testng.FeatureWrapper)[pri:0, instance:cucumberoptions.TestNgRunner@26adfd2d]" started-at="2024-09-10T07:53:43 IST" name="runScenario" description="Runs Cucumber Scenarios" data-provider="scenarios" finished-at="2024-09-10T07:54:38 IST" duration-ms="54795" status="PASS">
          <params>
            <param index="0">
              <value>
                <![CDATA["Verify the Operations in Stack Topics"]]>
              </value>
            </param>
            <param index="1">
              <value>
                <![CDATA["Verify Arrays page"]]>
              </value>
            </param>
          </params>
          <reporter-output>
          </reporter-output>
        </test-method> <!-- runScenario -->
        <test-method signature="runScenario(io.cucumber.testng.PickleWrapper,io.cucumber.testng.FeatureWrapper)[pri:0, instance:cucumberoptions.TestNgRunner@26adfd2d]" started-at="2024-09-10T07:54:31 IST" name="runScenario" description="Runs Cucumber Scenarios" data-provider="scenarios" finished-at="2024-09-10T07:54:48 IST" duration-ms="17302" status="PASS">
          <params>
            <param index="0">
              <value>
                <![CDATA["Verify the Implementation Topics"]]>
              </value>
            </param>
            <param index="1">
              <value>
                <![CDATA["Verify Arrays page"]]>
              </value>
            </param>
          </params>
          <reporter-output>
          </reporter-output>
        </test-method> <!-- runScenario -->
        <test-method signature="runScenario(io.cucumber.testng.PickleWrapper,io.cucumber.testng.FeatureWrapper)[pri:0, instance:cucumberoptions.TestNgRunner@26adfd2d]" started-at="2024-09-10T07:54:31 IST" name="runScenario" description="Runs Cucumber Scenarios" data-provider="scenarios" finished-at="2024-09-10T07:54:47 IST" duration-ms="15787" status="PASS">
          <params>
            <param index="0">
              <value>
                <![CDATA["Verify the Implementation Topics"]]>
              </value>
            </param>
            <param index="1">
              <value>
                <![CDATA["Verify Arrays page"]]>
              </value>
            </param>
          </params>
          <reporter-output>
          </reporter-output>
        </test-method> <!-- runScenario -->
        <test-method signature="runScenario(io.cucumber.testng.PickleWrapper,io.cucumber.testng.FeatureWrapper)[pri:0, instance:cucumberoptions.TestNgRunner@26adfd2d]" started-at="2024-09-10T07:54:32 IST" name="runScenario" description="Runs Cucumber Scenarios" data-provider="scenarios" finished-at="2024-09-10T07:54:48 IST" duration-ms="16642" status="PASS">
          <params>
            <param index="0">
              <value>
                <![CDATA["Verify the Applications Topics"]]>
              </value>
            </param>
            <param index="1">
              <value>
                <![CDATA["Verify Arrays page"]]>
              </value>
            </param>
          </params>
          <reporter-output>
          </reporter-output>
        </test-method> <!-- runScenario -->
        <test-method signature="runScenario(io.cucumber.testng.PickleWrapper,io.cucumber.testng.FeatureWrapper)[pri:0, instance:cucumberoptions.TestNgRunner@26adfd2d]" started-at="2024-09-10T07:54:37 IST" name="runScenario" description="Runs Cucumber Scenarios" data-provider="scenarios" finished-at="2024-09-10T07:54:51 IST" duration-ms="13587" status="PASS">
          <params>
            <param index="0">
              <value>
                <![CDATA["Verify the Applications Topics"]]>
              </value>
            </param>
            <param index="1">
              <value>
                <![CDATA["Verify Arrays page"]]>
              </value>
            </param>
          </params>
          <reporter-output>
          </reporter-output>
        </test-method> <!-- runScenario -->
        <test-method is-config="true" signature="tearDownClass()[pri:0, instance:cucumberoptions.TestNgRunner@26adfd2d]" started-at="2024-09-10T07:54:51 IST" name="tearDownClass" finished-at="2024-09-10T07:54:51 IST" duration-ms="607" status="PASS">
          <reporter-output>
          </reporter-output>
        </test-method> <!-- tearDownClass -->
      </class> <!-- cucumberoptions.TestNgRunner -->
    </test> <!-- Default test -->
  </suite> <!-- Default suite -->
</testng-results>
