<?xml version="1.0" encoding="UTF-8"?>
<testng-results ignored="0" total="71" passed="69" failed="2" skipped="0">
  <reporter-output>
  </reporter-output>
  <suite started-at="2024-09-12T00:15:52 IST" name="Default suite" finished-at="2024-09-12T00:31:02 IST" duration-ms="909690">
    <groups>
      <group name="cucumber">
        <method signature="AbstractTestNGCucumberTests.runScenario(io.cucumber.testng.PickleWrapper,io.cucumber.testng.FeatureWrapper)[pri:0, instance:cucumberoptions.TestNgRunner@7c3fdb62]" name="runScenario" class="io.cucumber.testng.AbstractTestNGCucumberTests"/>
      </group> <!-- cucumber -->
    </groups>
    <test started-at="2024-09-12T00:15:52 IST" name="Default test" finished-at="2024-09-12T00:31:02 IST" duration-ms="909690">
      <class name="cucumberoptions.TestNgRunner">
        <test-method is-config="true" signature="setUpClass(org.testng.ITestContext)[pri:0, instance:cucumberoptions.TestNgRunner@7c3fdb62]" started-at="2024-09-12T00:15:52 IST" name="setUpClass" finished-at="2024-09-12T00:15:54 IST" duration-ms="1725" status="PASS">
          <params>
            <param index="0">
              <value>
                <![CDATA[org.testng.TestRunner@552d2df6]]>
              </value>
            </param>
          </params>
          <reporter-output>
          </reporter-output>
        </test-method> <!-- setUpClass -->
        <test-method signature="runScenario(io.cucumber.testng.PickleWrapper,io.cucumber.testng.FeatureWrapper)[pri:0, instance:cucumberoptions.TestNgRunner@7c3fdb62]" started-at="2024-09-12T00:15:54 IST" name="runScenario" description="Runs Cucumber Scenarios" data-provider="scenarios" finished-at="2024-09-12T00:16:13 IST" duration-ms="18769" status="PASS">
          <params>
            <param index="0">
              <value>
                <![CDATA["Verify the Basic Operations in Lists Topics"]]>
              </value>
            </param>
            <param index="1">
              <value>
                <![CDATA["Verify Arrays page"]]>
              </value>
            </param>
          </params>
          <reporter-output>
          </reporter-output>
        </test-method> <!-- runScenario -->
        <test-method signature="runScenario(io.cucumber.testng.PickleWrapper,io.cucumber.testng.FeatureWrapper)[pri:0, instance:cucumberoptions.TestNgRunner@7c3fdb62]" started-at="2024-09-12T00:16:13 IST" name="runScenario" description="Runs Cucumber Scenarios" data-provider="scenarios" finished-at="2024-09-12T00:16:27 IST" duration-ms="13944" status="PASS">
          <params>
            <param index="0">
              <value>
                <![CDATA["Verify the Basic Operations in Lists Topics"]]>
              </value>
            </param>
            <param index="1">
              <value>
                <![CDATA["Verify Arrays page"]]>
              </value>
            </param>
          </params>
          <reporter-output>
          </reporter-output>
        </test-method> <!-- runScenario -->
        <test-method signature="runScenario(io.cucumber.testng.PickleWrapper,io.cucumber.testng.FeatureWrapper)[pri:0, instance:cucumberoptions.TestNgRunner@7c3fdb62]" started-at="2024-09-12T00:16:27 IST" name="runScenario" description="Runs Cucumber Scenarios" data-provider="scenarios" finished-at="2024-09-12T00:16:41 IST" duration-ms="14106" status="PASS">
          <params>
            <param index="0">
              <value>
                <![CDATA["Verify the Arrays in Python Topics"]]>
              </value>
            </param>
            <param index="1">
              <value>
                <![CDATA["Verify Arrays page"]]>
              </value>
            </param>
          </params>
          <reporter-output>
          </reporter-output>
        </test-method> <!-- runScenario -->
        <test-method signature="runScenario(io.cucumber.testng.PickleWrapper,io.cucumber.testng.FeatureWrapper)[pri:0, instance:cucumberoptions.TestNgRunner@7c3fdb62]" started-at="2024-09-12T00:16:41 IST" name="runScenario" description="Runs Cucumber Scenarios" data-provider="scenarios" finished-at="2024-09-12T00:16:56 IST" duration-ms="14893" status="PASS">
          <params>
            <param index="0">
              <value>
                <![CDATA["Verify the Arrays in Python Topics"]]>
              </value>
            </param>
            <param index="1">
              <value>
                <![CDATA["Verify Arrays page"]]>
              </value>
            </param>
          </params>
          <reporter-output>
          </reporter-output>
        </test-method> <!-- runScenario -->
        <test-method signature="runScenario(io.cucumber.testng.PickleWrapper,io.cucumber.testng.FeatureWrapper)[pri:0, instance:cucumberoptions.TestNgRunner@7c3fdb62]" started-at="2024-09-12T00:16:56 IST" name="runScenario" description="Runs Cucumber Scenarios" data-provider="scenarios" finished-at="2024-09-12T00:17:10 IST" duration-ms="14406" status="PASS">
          <params>
            <param index="0">
              <value>
                <![CDATA["Verify the Arrays Using List Topics"]]>
              </value>
            </param>
            <param index="1">
              <value>
                <![CDATA["Verify Arrays page"]]>
              </value>
            </param>
          </params>
          <reporter-output>
          </reporter-output>
        </test-method> <!-- runScenario -->
        <test-method signature="runScenario(io.cucumber.testng.PickleWrapper,io.cucumber.testng.FeatureWrapper)[pri:0, instance:cucumberoptions.TestNgRunner@7c3fdb62]" started-at="2024-09-12T00:17:10 IST" name="runScenario" description="Runs Cucumber Scenarios" data-provider="scenarios" finished-at="2024-09-12T00:17:23 IST" duration-ms="12632" status="PASS">
          <params>
            <param index="0">
              <value>
                <![CDATA["Verify the Arrays Using List Topics"]]>
              </value>
            </param>
            <param index="1">
              <value>
                <![CDATA["Verify Arrays page"]]>
              </value>
            </param>
          </params>
          <reporter-output>
          </reporter-output>
        </test-method> <!-- runScenario -->
        <test-method signature="runScenario(io.cucumber.testng.PickleWrapper,io.cucumber.testng.FeatureWrapper)[pri:0, instance:cucumberoptions.TestNgRunner@7c3fdb62]" started-at="2024-09-12T00:17:23 IST" name="runScenario" description="Runs Cucumber Scenarios" data-provider="scenarios" finished-at="2024-09-12T00:17:35 IST" duration-ms="12086" status="PASS">
          <params>
            <param index="0">
              <value>
                <![CDATA["Verify Applications of Array Topics"]]>
              </value>
            </param>
            <param index="1">
              <value>
                <![CDATA["Verify Arrays page"]]>
              </value>
            </param>
          </params>
          <reporter-output>
          </reporter-output>
        </test-method> <!-- runScenario -->
        <test-method signature="runScenario(io.cucumber.testng.PickleWrapper,io.cucumber.testng.FeatureWrapper)[pri:0, instance:cucumberoptions.TestNgRunner@7c3fdb62]" started-at="2024-09-12T00:17:35 IST" name="runScenario" description="Runs Cucumber Scenarios" data-provider="scenarios" finished-at="2024-09-12T00:17:46 IST" duration-ms="11009" status="PASS">
          <params>
            <param index="0">
              <value>
                <![CDATA["Verify Applications of Array Topics"]]>
              </value>
            </param>
            <param index="1">
              <value>
                <![CDATA["Verify Arrays page"]]>
              </value>
            </param>
          </params>
          <reporter-output>
          </reporter-output>
        </test-method> <!-- runScenario -->
        <test-method signature="runScenario(io.cucumber.testng.PickleWrapper,io.cucumber.testng.FeatureWrapper)[pri:0, instance:cucumberoptions.TestNgRunner@7c3fdb62]" started-at="2024-09-12T00:17:46 IST" name="runScenario" description="Runs Cucumber Scenarios" data-provider="scenarios" finished-at="2024-09-12T00:18:03 IST" duration-ms="16855" status="PASS">
          <params>
            <param index="0">
              <value>
                <![CDATA["Verify DataStructure page"]]>
              </value>
            </param>
            <param index="1">
              <value>
                <![CDATA["DsAlgo Landing page"]]>
              </value>
            </param>
          </params>
          <reporter-output>
          </reporter-output>
        </test-method> <!-- runScenario -->
        <test-method signature="runScenario(io.cucumber.testng.PickleWrapper,io.cucumber.testng.FeatureWrapper)[pri:0, instance:cucumberoptions.TestNgRunner@7c3fdb62]" started-at="2024-09-12T00:18:03 IST" name="runScenario" description="Runs Cucumber Scenarios" data-provider="scenarios" finished-at="2024-09-12T00:18:15 IST" duration-ms="12299" status="PASS">
          <params>
            <param index="0">
              <value>
                <![CDATA["Verify DataStructure page"]]>
              </value>
            </param>
            <param index="1">
              <value>
                <![CDATA["DsAlgo Landing page"]]>
              </value>
            </param>
          </params>
          <reporter-output>
          </reporter-output>
        </test-method> <!-- runScenario -->
        <test-method signature="runScenario(io.cucumber.testng.PickleWrapper,io.cucumber.testng.FeatureWrapper)[pri:0, instance:cucumberoptions.TestNgRunner@7c3fdb62]" started-at="2024-09-12T00:18:15 IST" name="runScenario" description="Runs Cucumber Scenarios" data-provider="scenarios" finished-at="2024-09-12T00:18:27 IST" duration-ms="12226" status="PASS">
          <params>
            <param index="0">
              <value>
                <![CDATA["Verify the Graph introduction in the Topics"]]>
              </value>
            </param>
            <param index="1">
              <value>
                <![CDATA["Verify Graphs page"]]>
              </value>
            </param>
          </params>
          <reporter-output>
          </reporter-output>
        </test-method> <!-- runScenario -->
        <test-method signature="runScenario(io.cucumber.testng.PickleWrapper,io.cucumber.testng.FeatureWrapper)[pri:0, instance:cucumberoptions.TestNgRunner@7c3fdb62]" started-at="2024-09-12T00:18:27 IST" name="runScenario" description="Runs Cucumber Scenarios" data-provider="scenarios" finished-at="2024-09-12T00:18:40 IST" duration-ms="12379" status="PASS">
          <params>
            <param index="0">
              <value>
                <![CDATA["Verify the Graph introduction in the Topics"]]>
              </value>
            </param>
            <param index="1">
              <value>
                <![CDATA["Verify Graphs page"]]>
              </value>
            </param>
          </params>
          <reporter-output>
          </reporter-output>
        </test-method> <!-- runScenario -->
        <test-method signature="runScenario(io.cucumber.testng.PickleWrapper,io.cucumber.testng.FeatureWrapper)[pri:0, instance:cucumberoptions.TestNgRunner@7c3fdb62]" started-at="2024-09-12T00:18:40 IST" name="runScenario" description="Runs Cucumber Scenarios" data-provider="scenarios" finished-at="2024-09-12T00:18:51 IST" duration-ms="10811" status="PASS">
          <params>
            <param index="0">
              <value>
                <![CDATA["Verify the Graph Representations in the Topics"]]>
              </value>
            </param>
            <param index="1">
              <value>
                <![CDATA["Verify Graphs page"]]>
              </value>
            </param>
          </params>
          <reporter-output>
          </reporter-output>
        </test-method> <!-- runScenario -->
        <test-method signature="runScenario(io.cucumber.testng.PickleWrapper,io.cucumber.testng.FeatureWrapper)[pri:0, instance:cucumberoptions.TestNgRunner@7c3fdb62]" started-at="2024-09-12T00:18:51 IST" name="runScenario" description="Runs Cucumber Scenarios" data-provider="scenarios" finished-at="2024-09-12T00:19:02 IST" duration-ms="11696" status="PASS">
          <params>
            <param index="0">
              <value>
                <![CDATA["Verify the Graph Representations in the Topics"]]>
              </value>
            </param>
            <param index="1">
              <value>
                <![CDATA["Verify Graphs page"]]>
              </value>
            </param>
          </params>
          <reporter-output>
          </reporter-output>
        </test-method> <!-- runScenario -->
        <test-method signature="runScenario(io.cucumber.testng.PickleWrapper,io.cucumber.testng.FeatureWrapper)[pri:0, instance:cucumberoptions.TestNgRunner@7c3fdb62]" started-at="2024-09-12T00:19:02 IST" name="runScenario" description="Runs Cucumber Scenarios" data-provider="scenarios" finished-at="2024-09-12T00:19:14 IST" duration-ms="11765" status="PASS">
          <params>
            <param index="0">
              <value>
                <![CDATA["Verify the Basic Operations in Linked Lists Topics"]]>
              </value>
            </param>
            <param index="1">
              <value>
                <![CDATA["Verify Linked List page"]]>
              </value>
            </param>
          </params>
          <reporter-output>
          </reporter-output>
        </test-method> <!-- runScenario -->
        <test-method signature="runScenario(io.cucumber.testng.PickleWrapper,io.cucumber.testng.FeatureWrapper)[pri:0, instance:cucumberoptions.TestNgRunner@7c3fdb62]" started-at="2024-09-12T00:19:14 IST" name="runScenario" description="Runs Cucumber Scenarios" data-provider="scenarios" finished-at="2024-09-12T00:19:25 IST" duration-ms="11158" status="PASS">
          <params>
            <param index="0">
              <value>
                <![CDATA["Verify the Basic Operations in Linked Lists Topics"]]>
              </value>
            </param>
            <param index="1">
              <value>
                <![CDATA["Verify Linked List page"]]>
              </value>
            </param>
          </params>
          <reporter-output>
          </reporter-output>
        </test-method> <!-- runScenario -->
        <test-method signature="runScenario(io.cucumber.testng.PickleWrapper,io.cucumber.testng.FeatureWrapper)[pri:0, instance:cucumberoptions.TestNgRunner@7c3fdb62]" started-at="2024-09-12T00:19:25 IST" name="runScenario" description="Runs Cucumber Scenarios" data-provider="scenarios" finished-at="2024-09-12T00:19:36 IST" duration-ms="10808" status="PASS">
          <params>
            <param index="0">
              <value>
                <![CDATA["Verify the Basic Operations in Linked Lists Topics"]]>
              </value>
            </param>
            <param index="1">
              <value>
                <![CDATA["Verify Linked List page"]]>
              </value>
            </param>
          </params>
          <reporter-output>
          </reporter-output>
        </test-method> <!-- runScenario -->
        <test-method signature="runScenario(io.cucumber.testng.PickleWrapper,io.cucumber.testng.FeatureWrapper)[pri:0, instance:cucumberoptions.TestNgRunner@7c3fdb62]" started-at="2024-09-12T00:19:36 IST" name="runScenario" description="Runs Cucumber Scenarios" data-provider="scenarios" finished-at="2024-09-12T00:19:47 IST" duration-ms="11512" status="PASS">
          <params>
            <param index="0">
              <value>
                <![CDATA["Verify the Basic Operations in Linked Lists Topics"]]>
              </value>
            </param>
            <param index="1">
              <value>
                <![CDATA["Verify Linked List page"]]>
              </value>
            </param>
          </params>
          <reporter-output>
          </reporter-output>
        </test-method> <!-- runScenario -->
        <test-method signature="runScenario(io.cucumber.testng.PickleWrapper,io.cucumber.testng.FeatureWrapper)[pri:0, instance:cucumberoptions.TestNgRunner@7c3fdb62]" started-at="2024-09-12T00:19:47 IST" name="runScenario" description="Runs Cucumber Scenarios" data-provider="scenarios" finished-at="2024-09-12T00:19:59 IST" duration-ms="11124" status="PASS">
          <params>
            <param index="0">
              <value>
                <![CDATA["Verify the Basic Operations in Linked Lists Topics"]]>
              </value>
            </param>
            <param index="1">
              <value>
                <![CDATA["Verify Linked List page"]]>
              </value>
            </param>
          </params>
          <reporter-output>
          </reporter-output>
        </test-method> <!-- runScenario -->
        <test-method signature="runScenario(io.cucumber.testng.PickleWrapper,io.cucumber.testng.FeatureWrapper)[pri:0, instance:cucumberoptions.TestNgRunner@7c3fdb62]" started-at="2024-09-12T00:19:59 IST" name="runScenario" description="Runs Cucumber Scenarios" data-provider="scenarios" finished-at="2024-09-12T00:20:11 IST" duration-ms="12272" status="PASS">
          <params>
            <param index="0">
              <value>
                <![CDATA["Verify the Basic Operations in Linked Lists Topics"]]>
              </value>
            </param>
            <param index="1">
              <value>
                <![CDATA["Verify Linked List page"]]>
              </value>
            </param>
          </params>
          <reporter-output>
          </reporter-output>
        </test-method> <!-- runScenario -->
        <test-method signature="runScenario(io.cucumber.testng.PickleWrapper,io.cucumber.testng.FeatureWrapper)[pri:0, instance:cucumberoptions.TestNgRunner@7c3fdb62]" started-at="2024-09-12T00:20:11 IST" name="runScenario" description="Runs Cucumber Scenarios" data-provider="scenarios" finished-at="2024-09-12T00:20:22 IST" duration-ms="11502" status="PASS">
          <params>
            <param index="0">
              <value>
                <![CDATA["Verify the Basic Operations in Linked Lists Topics"]]>
              </value>
            </param>
            <param index="1">
              <value>
                <![CDATA["Verify Linked List page"]]>
              </value>
            </param>
          </params>
          <reporter-output>
          </reporter-output>
        </test-method> <!-- runScenario -->
        <test-method signature="runScenario(io.cucumber.testng.PickleWrapper,io.cucumber.testng.FeatureWrapper)[pri:0, instance:cucumberoptions.TestNgRunner@7c3fdb62]" started-at="2024-09-12T00:20:22 IST" name="runScenario" description="Runs Cucumber Scenarios" data-provider="scenarios" finished-at="2024-09-12T00:20:34 IST" duration-ms="11550" status="PASS">
          <params>
            <param index="0">
              <value>
                <![CDATA["Verify the Basic Operations in Linked Lists Topics"]]>
              </value>
            </param>
            <param index="1">
              <value>
                <![CDATA["Verify Linked List page"]]>
              </value>
            </param>
          </params>
          <reporter-output>
          </reporter-output>
        </test-method> <!-- runScenario -->
        <test-method signature="runScenario(io.cucumber.testng.PickleWrapper,io.cucumber.testng.FeatureWrapper)[pri:0, instance:cucumberoptions.TestNgRunner@7c3fdb62]" started-at="2024-09-12T00:20:34 IST" name="runScenario" description="Runs Cucumber Scenarios" data-provider="scenarios" finished-at="2024-09-12T00:20:45 IST" duration-ms="10938" status="PASS">
          <params>
            <param index="0">
              <value>
                <![CDATA["Verify the Basic Operations in Linked Lists Topics"]]>
              </value>
            </param>
            <param index="1">
              <value>
                <![CDATA["Verify Linked List page"]]>
              </value>
            </param>
          </params>
          <reporter-output>
          </reporter-output>
        </test-method> <!-- runScenario -->
        <test-method signature="runScenario(io.cucumber.testng.PickleWrapper,io.cucumber.testng.FeatureWrapper)[pri:0, instance:cucumberoptions.TestNgRunner@7c3fdb62]" started-at="2024-09-12T00:20:45 IST" name="runScenario" description="Runs Cucumber Scenarios" data-provider="scenarios" finished-at="2024-09-12T00:20:56 IST" duration-ms="10919" status="PASS">
          <params>
            <param index="0">
              <value>
                <![CDATA["Verify the Basic Operations in Linked Lists Topics"]]>
              </value>
            </param>
            <param index="1">
              <value>
                <![CDATA["Verify Linked List page"]]>
              </value>
            </param>
          </params>
          <reporter-output>
          </reporter-output>
        </test-method> <!-- runScenario -->
        <test-method signature="runScenario(io.cucumber.testng.PickleWrapper,io.cucumber.testng.FeatureWrapper)[pri:0, instance:cucumberoptions.TestNgRunner@7c3fdb62]" started-at="2024-09-12T00:20:56 IST" name="runScenario" description="Runs Cucumber Scenarios" data-provider="scenarios" finished-at="2024-09-12T00:21:08 IST" duration-ms="12485" status="PASS">
          <params>
            <param index="0">
              <value>
                <![CDATA["Verify the Basic Operations in Linked Lists Topics"]]>
              </value>
            </param>
            <param index="1">
              <value>
                <![CDATA["Verify Linked List page"]]>
              </value>
            </param>
          </params>
          <reporter-output>
          </reporter-output>
        </test-method> <!-- runScenario -->
        <test-method signature="runScenario(io.cucumber.testng.PickleWrapper,io.cucumber.testng.FeatureWrapper)[pri:0, instance:cucumberoptions.TestNgRunner@7c3fdb62]" started-at="2024-09-12T00:21:08 IST" name="runScenario" description="Runs Cucumber Scenarios" data-provider="scenarios" finished-at="2024-09-12T00:21:20 IST" duration-ms="11316" status="PASS">
          <params>
            <param index="0">
              <value>
                <![CDATA["Verify the Basic Operations in Linked Lists Topics"]]>
              </value>
            </param>
            <param index="1">
              <value>
                <![CDATA["Verify Linked List page"]]>
              </value>
            </param>
          </params>
          <reporter-output>
          </reporter-output>
        </test-method> <!-- runScenario -->
        <test-method signature="runScenario(io.cucumber.testng.PickleWrapper,io.cucumber.testng.FeatureWrapper)[pri:0, instance:cucumberoptions.TestNgRunner@7c3fdb62]" started-at="2024-09-12T00:21:20 IST" name="runScenario" description="Runs Cucumber Scenarios" data-provider="scenarios" finished-at="2024-09-12T00:21:33 IST" duration-ms="13845" status="PASS">
          <params>
            <param index="0">
              <value>
                <![CDATA["Verify the Basic Operations in Linked Lists Topics"]]>
              </value>
            </param>
            <param index="1">
              <value>
                <![CDATA["Verify Linked List page"]]>
              </value>
            </param>
          </params>
          <reporter-output>
          </reporter-output>
        </test-method> <!-- runScenario -->
        <test-method signature="runScenario(io.cucumber.testng.PickleWrapper,io.cucumber.testng.FeatureWrapper)[pri:0, instance:cucumberoptions.TestNgRunner@7c3fdb62]" started-at="2024-09-12T00:21:33 IST" name="runScenario" description="Runs Cucumber Scenarios" data-provider="scenarios" finished-at="2024-09-12T00:21:46 IST" duration-ms="12409" status="PASS">
          <params>
            <param index="0">
              <value>
                <![CDATA["Verify the Basic Operations in Linked Lists Topics"]]>
              </value>
            </param>
            <param index="1">
              <value>
                <![CDATA["Verify Linked List page"]]>
              </value>
            </param>
          </params>
          <reporter-output>
          </reporter-output>
        </test-method> <!-- runScenario -->
        <test-method signature="runScenario(io.cucumber.testng.PickleWrapper,io.cucumber.testng.FeatureWrapper)[pri:0, instance:cucumberoptions.TestNgRunner@7c3fdb62]" started-at="2024-09-12T00:21:46 IST" name="runScenario" description="Runs Cucumber Scenarios" data-provider="scenarios" finished-at="2024-09-12T00:22:13 IST" duration-ms="26977" status="PASS">
          <params>
            <param index="0">
              <value>
                <![CDATA["Verify loginpage Signin page"]]>
              </value>
            </param>
            <param index="1">
              <value>
                <![CDATA["Negative Scenario for username and password"]]>
              </value>
            </param>
          </params>
          <reporter-output>
          </reporter-output>
        </test-method> <!-- runScenario -->
        <test-method signature="runScenario(io.cucumber.testng.PickleWrapper,io.cucumber.testng.FeatureWrapper)[pri:0, instance:cucumberoptions.TestNgRunner@7c3fdb62]" started-at="2024-09-12T00:22:13 IST" name="runScenario" description="Runs Cucumber Scenarios" data-provider="scenarios" finished-at="2024-09-12T00:22:21 IST" duration-ms="8613" status="PASS">
          <params>
            <param index="0">
              <value>
                <![CDATA["Verify login page"]]>
              </value>
            </param>
            <param index="1">
              <value>
                <![CDATA["Negative Scenario for username and password"]]>
              </value>
            </param>
          </params>
          <reporter-output>
          </reporter-output>
        </test-method> <!-- runScenario -->
        <test-method signature="runScenario(io.cucumber.testng.PickleWrapper,io.cucumber.testng.FeatureWrapper)[pri:0, instance:cucumberoptions.TestNgRunner@7c3fdb62]" started-at="2024-09-12T00:22:21 IST" name="runScenario" description="Runs Cucumber Scenarios" data-provider="scenarios" finished-at="2024-09-12T00:22:29 IST" duration-ms="7842" status="PASS">
          <params>
            <param index="0">
              <value>
                <![CDATA["Verify login page"]]>
              </value>
            </param>
            <param index="1">
              <value>
                <![CDATA["Negative Scenario for username and password"]]>
              </value>
            </param>
          </params>
          <reporter-output>
          </reporter-output>
        </test-method> <!-- runScenario -->
        <test-method signature="runScenario(io.cucumber.testng.PickleWrapper,io.cucumber.testng.FeatureWrapper)[pri:0, instance:cucumberoptions.TestNgRunner@7c3fdb62]" started-at="2024-09-12T00:22:29 IST" name="runScenario" description="Runs Cucumber Scenarios" data-provider="scenarios" finished-at="2024-09-12T00:22:47 IST" duration-ms="18081" status="PASS">
          <params>
            <param index="0">
              <value>
                <![CDATA["Verify the Basic Operations in Queues Topics"]]>
              </value>
            </param>
            <param index="1">
              <value>
                <![CDATA["Validate the Queue Page"]]>
              </value>
            </param>
          </params>
          <reporter-output>
          </reporter-output>
        </test-method> <!-- runScenario -->
        <test-method signature="runScenario(io.cucumber.testng.PickleWrapper,io.cucumber.testng.FeatureWrapper)[pri:0, instance:cucumberoptions.TestNgRunner@7c3fdb62]" started-at="2024-09-12T00:22:47 IST" name="runScenario" description="Runs Cucumber Scenarios" data-provider="scenarios" finished-at="2024-09-12T00:23:00 IST" duration-ms="12804" status="PASS">
          <params>
            <param index="0">
              <value>
                <![CDATA["Verify the Basic Operations in Queues Topics"]]>
              </value>
            </param>
            <param index="1">
              <value>
                <![CDATA["Validate the Queue Page"]]>
              </value>
            </param>
          </params>
          <reporter-output>
          </reporter-output>
        </test-method> <!-- runScenario -->
        <test-method signature="runScenario(io.cucumber.testng.PickleWrapper,io.cucumber.testng.FeatureWrapper)[pri:0, instance:cucumberoptions.TestNgRunner@7c3fdb62]" started-at="2024-09-12T00:23:00 IST" name="runScenario" description="Runs Cucumber Scenarios" data-provider="scenarios" finished-at="2024-09-12T00:23:13 IST" duration-ms="12883" status="PASS">
          <params>
            <param index="0">
              <value>
                <![CDATA["Verify the Basic Operations in Queues Topics"]]>
              </value>
            </param>
            <param index="1">
              <value>
                <![CDATA["Validate the Queue Page"]]>
              </value>
            </param>
          </params>
          <reporter-output>
          </reporter-output>
        </test-method> <!-- runScenario -->
        <test-method signature="runScenario(io.cucumber.testng.PickleWrapper,io.cucumber.testng.FeatureWrapper)[pri:0, instance:cucumberoptions.TestNgRunner@7c3fdb62]" started-at="2024-09-12T00:23:13 IST" name="runScenario" description="Runs Cucumber Scenarios" data-provider="scenarios" finished-at="2024-09-12T00:23:25 IST" duration-ms="12214" status="PASS">
          <params>
            <param index="0">
              <value>
                <![CDATA["Verify the Basic Operations in Queues Topics"]]>
              </value>
            </param>
            <param index="1">
              <value>
                <![CDATA["Validate the Queue Page"]]>
              </value>
            </param>
          </params>
          <reporter-output>
          </reporter-output>
        </test-method> <!-- runScenario -->
        <test-method signature="runScenario(io.cucumber.testng.PickleWrapper,io.cucumber.testng.FeatureWrapper)[pri:0, instance:cucumberoptions.TestNgRunner@7c3fdb62]" started-at="2024-09-12T00:23:25 IST" name="runScenario" description="Runs Cucumber Scenarios" data-provider="scenarios" finished-at="2024-09-12T00:23:39 IST" duration-ms="13557" status="PASS">
          <params>
            <param index="0">
              <value>
                <![CDATA["Verify the Basic Operations in Queues Topics"]]>
              </value>
            </param>
            <param index="1">
              <value>
                <![CDATA["Validate the Queue Page"]]>
              </value>
            </param>
          </params>
          <reporter-output>
          </reporter-output>
        </test-method> <!-- runScenario -->
        <test-method signature="runScenario(io.cucumber.testng.PickleWrapper,io.cucumber.testng.FeatureWrapper)[pri:0, instance:cucumberoptions.TestNgRunner@7c3fdb62]" started-at="2024-09-12T00:23:39 IST" name="runScenario" description="Runs Cucumber Scenarios" data-provider="scenarios" finished-at="2024-09-12T00:23:53 IST" duration-ms="14007" status="PASS">
          <params>
            <param index="0">
              <value>
                <![CDATA["Verify the Basic Operations in Queues Topics"]]>
              </value>
            </param>
            <param index="1">
              <value>
                <![CDATA["Validate the Queue Page"]]>
              </value>
            </param>
          </params>
          <reporter-output>
          </reporter-output>
        </test-method> <!-- runScenario -->
        <test-method signature="runScenario(io.cucumber.testng.PickleWrapper,io.cucumber.testng.FeatureWrapper)[pri:0, instance:cucumberoptions.TestNgRunner@7c3fdb62]" started-at="2024-09-12T00:23:53 IST" name="runScenario" description="Runs Cucumber Scenarios" data-provider="scenarios" finished-at="2024-09-12T00:24:07 IST" duration-ms="13966" status="PASS">
          <params>
            <param index="0">
              <value>
                <![CDATA["Verify the Basic Operations in Queues Topics"]]>
              </value>
            </param>
            <param index="1">
              <value>
                <![CDATA["Validate the Queue Page"]]>
              </value>
            </param>
          </params>
          <reporter-output>
          </reporter-output>
        </test-method> <!-- runScenario -->
        <test-method signature="runScenario(io.cucumber.testng.PickleWrapper,io.cucumber.testng.FeatureWrapper)[pri:0, instance:cucumberoptions.TestNgRunner@7c3fdb62]" started-at="2024-09-12T00:24:07 IST" name="runScenario" description="Runs Cucumber Scenarios" data-provider="scenarios" finished-at="2024-09-12T00:24:21 IST" duration-ms="13936" status="PASS">
          <params>
            <param index="0">
              <value>
                <![CDATA["Verify the Basic Operations in Queues Topics"]]>
              </value>
            </param>
            <param index="1">
              <value>
                <![CDATA["Validate the Queue Page"]]>
              </value>
            </param>
          </params>
          <reporter-output>
          </reporter-output>
        </test-method> <!-- runScenario -->
        <test-method signature="runScenario(io.cucumber.testng.PickleWrapper,io.cucumber.testng.FeatureWrapper)[pri:0, instance:cucumberoptions.TestNgRunner@7c3fdb62]" started-at="2024-09-12T00:24:21 IST" name="runScenario" description="Runs Cucumber Scenarios" data-provider="scenarios" finished-at="2024-09-12T00:24:36 IST" duration-ms="14992" status="PASS">
          <params>
            <param index="0">
              <value>
                <![CDATA["Verify the Operations in Stack Topics"]]>
              </value>
            </param>
            <param index="1">
              <value>
                <![CDATA["Verify Arrays page"]]>
              </value>
            </param>
          </params>
          <reporter-output>
          </reporter-output>
        </test-method> <!-- runScenario -->
        <test-method signature="runScenario(io.cucumber.testng.PickleWrapper,io.cucumber.testng.FeatureWrapper)[pri:0, instance:cucumberoptions.TestNgRunner@7c3fdb62]" started-at="2024-09-12T00:24:36 IST" name="runScenario" description="Runs Cucumber Scenarios" data-provider="scenarios" finished-at="2024-09-12T00:24:48 IST" duration-ms="12638" status="PASS">
          <params>
            <param index="0">
              <value>
                <![CDATA["Verify the Operations in Stack Topics"]]>
              </value>
            </param>
            <param index="1">
              <value>
                <![CDATA["Verify Arrays page"]]>
              </value>
            </param>
          </params>
          <reporter-output>
          </reporter-output>
        </test-method> <!-- runScenario -->
        <test-method signature="runScenario(io.cucumber.testng.PickleWrapper,io.cucumber.testng.FeatureWrapper)[pri:0, instance:cucumberoptions.TestNgRunner@7c3fdb62]" started-at="2024-09-12T00:24:48 IST" name="runScenario" description="Runs Cucumber Scenarios" data-provider="scenarios" finished-at="2024-09-12T00:25:00 IST" duration-ms="11195" status="PASS">
          <params>
            <param index="0">
              <value>
                <![CDATA["Verify the Implementation Topics"]]>
              </value>
            </param>
            <param index="1">
              <value>
                <![CDATA["Verify Arrays page"]]>
              </value>
            </param>
          </params>
          <reporter-output>
          </reporter-output>
        </test-method> <!-- runScenario -->
        <test-method signature="runScenario(io.cucumber.testng.PickleWrapper,io.cucumber.testng.FeatureWrapper)[pri:0, instance:cucumberoptions.TestNgRunner@7c3fdb62]" started-at="2024-09-12T00:25:00 IST" name="runScenario" description="Runs Cucumber Scenarios" data-provider="scenarios" finished-at="2024-09-12T00:25:10 IST" duration-ms="10788" status="PASS">
          <params>
            <param index="0">
              <value>
                <![CDATA["Verify the Implementation Topics"]]>
              </value>
            </param>
            <param index="1">
              <value>
                <![CDATA["Verify Arrays page"]]>
              </value>
            </param>
          </params>
          <reporter-output>
          </reporter-output>
        </test-method> <!-- runScenario -->
        <test-method signature="runScenario(io.cucumber.testng.PickleWrapper,io.cucumber.testng.FeatureWrapper)[pri:0, instance:cucumberoptions.TestNgRunner@7c3fdb62]" started-at="2024-09-12T00:25:10 IST" name="runScenario" description="Runs Cucumber Scenarios" data-provider="scenarios" finished-at="2024-09-12T00:25:21 IST" duration-ms="10634" status="PASS">
          <params>
            <param index="0">
              <value>
                <![CDATA["Verify the Applications Topics"]]>
              </value>
            </param>
            <param index="1">
              <value>
                <![CDATA["Verify Arrays page"]]>
              </value>
            </param>
          </params>
          <reporter-output>
          </reporter-output>
        </test-method> <!-- runScenario -->
        <test-method signature="runScenario(io.cucumber.testng.PickleWrapper,io.cucumber.testng.FeatureWrapper)[pri:0, instance:cucumberoptions.TestNgRunner@7c3fdb62]" started-at="2024-09-12T00:25:21 IST" name="runScenario" description="Runs Cucumber Scenarios" data-provider="scenarios" finished-at="2024-09-12T00:25:32 IST" duration-ms="11416" status="PASS">
          <params>
            <param index="0">
              <value>
                <![CDATA["Verify the Applications Topics"]]>
              </value>
            </param>
            <param index="1">
              <value>
                <![CDATA["Verify Arrays page"]]>
              </value>
            </param>
          </params>
          <reporter-output>
          </reporter-output>
        </test-method> <!-- runScenario -->
        <test-method signature="runScenario(io.cucumber.testng.PickleWrapper,io.cucumber.testng.FeatureWrapper)[pri:0, instance:cucumberoptions.TestNgRunner@7c3fdb62]" started-at="2024-09-12T00:25:32 IST" name="runScenario" description="Runs Cucumber Scenarios" data-provider="scenarios" finished-at="2024-09-12T00:25:45 IST" duration-ms="12164" status="PASS">
          <params>
            <param index="0">
              <value>
                <![CDATA["Verify Overview of Trees in the Topics"]]>
              </value>
            </param>
            <param index="1">
              <value>
                <![CDATA["Verify Trees page"]]>
              </value>
            </param>
          </params>
          <reporter-output>
          </reporter-output>
        </test-method> <!-- runScenario -->
        <test-method signature="runScenario(io.cucumber.testng.PickleWrapper,io.cucumber.testng.FeatureWrapper)[pri:0, instance:cucumberoptions.TestNgRunner@7c3fdb62]" started-at="2024-09-12T00:25:45 IST" name="runScenario" description="Runs Cucumber Scenarios" data-provider="scenarios" finished-at="2024-09-12T00:25:58 IST" duration-ms="13470" status="PASS">
          <params>
            <param index="0">
              <value>
                <![CDATA["Verify Overview of Trees in the Topics"]]>
              </value>
            </param>
            <param index="1">
              <value>
                <![CDATA["Verify Trees page"]]>
              </value>
            </param>
          </params>
          <reporter-output>
          </reporter-output>
        </test-method> <!-- runScenario -->
        <test-method signature="runScenario(io.cucumber.testng.PickleWrapper,io.cucumber.testng.FeatureWrapper)[pri:0, instance:cucumberoptions.TestNgRunner@7c3fdb62]" started-at="2024-09-12T00:25:58 IST" name="runScenario" description="Runs Cucumber Scenarios" data-provider="scenarios" finished-at="2024-09-12T00:26:23 IST" duration-ms="24549" status="FAIL">
          <params>
            <param index="0">
              <value>
                <![CDATA["Verify Terminologies in the Topics"]]>
              </value>
            </param>
            <param index="1">
              <value>
                <![CDATA["Verify Trees page"]]>
              </value>
            </param>
          </params>
          <exception class="org.openqa.selenium.NoSuchElementException">
            <message>
              <![CDATA[no such element: Unable to locate element: {"method":"link text","selector":"Terminologie"}
  (Session info: chrome=128.0.6613.120)
For documentation on this error, please visit: https://www.selenium.dev/documentation/webdriver/troubleshooting/errors#no-such-element-exception
Build info: version: '4.24.0', revision: '748ffc9bc3'
System info: os.name: 'Windows 11', os.arch: 'amd64', os.version: '10.0', java.version: '21.0.3'
Driver info: org.openqa.selenium.chrome.ChromeDriver
Command: [955ed6738a7f5d3249bf55e7d25a7b7e, findElement {using=link text, value=Terminologie}]
Capabilities {acceptInsecureCerts: false, browserName: chrome, browserVersion: 128.0.6613.120, chrome: {chromedriverVersion: 128.0.6613.137 (fe621c5aa2d..., userDataDir: C:\Users\bhara\AppData\Loca...}, fedcm:accounts: true, goog:chromeOptions: {debuggerAddress: localhost:56724}, networkConnectionEnabled: false, pageLoadStrategy: normal, platformName: windows, proxy: Proxy(), se:cdp: ws://localhost:56724/devtoo..., se:cdpVersion: 128.0.6613.120, setWindowRect: true, strictFileInteractability: false, timeouts: {implicit: 0, pageLoad: 300000, script: 30000}, unhandledPromptBehavior: dismiss and notify, webauthn:extension:credBlob: true, webauthn:extension:largeBlob: true, webauthn:extension:minPinLength: true, webauthn:extension:prf: true, webauthn:virtualAuthenticators: true}
Session ID: 955ed6738a7f5d3249bf55e7d25a7b7e]]>
            </message>
            <full-stacktrace>
              <![CDATA[org.openqa.selenium.NoSuchElementException: no such element: Unable to locate element: {"method":"link text","selector":"Terminologie"}
  (Session info: chrome=128.0.6613.120)
For documentation on this error, please visit: https://www.selenium.dev/documentation/webdriver/troubleshooting/errors#no-such-element-exception
Build info: version: '4.24.0', revision: '748ffc9bc3'
System info: os.name: 'Windows 11', os.arch: 'amd64', os.version: '10.0', java.version: '21.0.3'
Driver info: org.openqa.selenium.chrome.ChromeDriver
Command: [955ed6738a7f5d3249bf55e7d25a7b7e, findElement {using=link text, value=Terminologie}]
Capabilities {acceptInsecureCerts: false, browserName: chrome, browserVersion: 128.0.6613.120, chrome: {chromedriverVersion: 128.0.6613.137 (fe621c5aa2d..., userDataDir: C:\Users\bhara\AppData\Loca...}, fedcm:accounts: true, goog:chromeOptions: {debuggerAddress: localhost:56724}, networkConnectionEnabled: false, pageLoadStrategy: normal, platformName: windows, proxy: Proxy(), se:cdp: ws://localhost:56724/devtoo..., se:cdpVersion: 128.0.6613.120, setWindowRect: true, strictFileInteractability: false, timeouts: {implicit: 0, pageLoad: 300000, script: 30000}, unhandledPromptBehavior: dismiss and notify, webauthn:extension:credBlob: true, webauthn:extension:largeBlob: true, webauthn:extension:minPinLength: true, webauthn:extension:prf: true, webauthn:virtualAuthenticators: true}
Session ID: 955ed6738a7f5d3249bf55e7d25a7b7e
at java.base/jdk.internal.reflect.DirectConstructorHandleAccessor.newInstance(DirectConstructorHandleAccessor.java:62)
at java.base/java.lang.reflect.Constructor.newInstanceWithCaller(Constructor.java:502)
at java.base/java.lang.reflect.Constructor.newInstance(Constructor.java:486)
at org.openqa.selenium.remote.ErrorCodec.decode(ErrorCodec.java:167)
at org.openqa.selenium.remote.codec.w3c.W3CHttpResponseCodec.decode(W3CHttpResponseCodec.java:138)
at org.openqa.selenium.remote.codec.w3c.W3CHttpResponseCodec.decode(W3CHttpResponseCodec.java:50)
at org.openqa.selenium.remote.HttpCommandExecutor.execute(HttpCommandExecutor.java:190)
at org.openqa.selenium.remote.service.DriverCommandExecutor.invokeExecute(DriverCommandExecutor.java:216)
at org.openqa.selenium.remote.service.DriverCommandExecutor.execute(DriverCommandExecutor.java:174)
at org.openqa.selenium.remote.RemoteWebDriver.execute(RemoteWebDriver.java:545)
at org.openqa.selenium.remote.ElementLocation$ElementFinder$2.findElement(ElementLocation.java:165)
at org.openqa.selenium.remote.ElementLocation.findElement(ElementLocation.java:59)
at org.openqa.selenium.remote.RemoteWebDriver.findElement(RemoteWebDriver.java:368)
at org.openqa.selenium.remote.RemoteWebDriver.findElement(RemoteWebDriver.java:362)
at Pageobjects.LinkedListPageObjects.user_clicks(LinkedListPageObjects.java:54)
at StepDefination.LinkedListStepDefinition.user_clicks(LinkedListStepDefinition.java:38)
at ✽.User clicks "Terminologie"(file:///C:/Users/bhara/eclipse-workspace/DSAlgoCucumberBDDFrameWork/src/test/resources/Featurefile/Trees.feature:36)
]]>
            </full-stacktrace>
          </exception> <!-- org.openqa.selenium.NoSuchElementException -->
          <reporter-output>
          </reporter-output>
        </test-method> <!-- runScenario -->
        <test-method signature="runScenario(io.cucumber.testng.PickleWrapper,io.cucumber.testng.FeatureWrapper)[pri:0, instance:cucumberoptions.TestNgRunner@7c3fdb62]" started-at="2024-09-12T00:26:23 IST" name="runScenario" description="Runs Cucumber Scenarios" data-provider="scenarios" finished-at="2024-09-12T00:26:47 IST" duration-ms="24348" status="FAIL">
          <params>
            <param index="0">
              <value>
                <![CDATA["Verify Terminologies in the Topics"]]>
              </value>
            </param>
            <param index="1">
              <value>
                <![CDATA["Verify Trees page"]]>
              </value>
            </param>
          </params>
          <exception class="org.openqa.selenium.NoSuchElementException">
            <message>
              <![CDATA[no such element: Unable to locate element: {"method":"link text","selector":"Terminologie"}
  (Session info: chrome=128.0.6613.120)
For documentation on this error, please visit: https://www.selenium.dev/documentation/webdriver/troubleshooting/errors#no-such-element-exception
Build info: version: '4.24.0', revision: '748ffc9bc3'
System info: os.name: 'Windows 11', os.arch: 'amd64', os.version: '10.0', java.version: '21.0.3'
Driver info: org.openqa.selenium.chrome.ChromeDriver
Command: [33ae991a669878edff77682c3914b440, findElement {using=link text, value=Terminologie}]
Capabilities {acceptInsecureCerts: false, browserName: chrome, browserVersion: 128.0.6613.120, chrome: {chromedriverVersion: 128.0.6613.137 (fe621c5aa2d..., userDataDir: C:\Users\bhara\AppData\Loca...}, fedcm:accounts: true, goog:chromeOptions: {debuggerAddress: localhost:56754}, networkConnectionEnabled: false, pageLoadStrategy: normal, platformName: windows, proxy: Proxy(), se:cdp: ws://localhost:56754/devtoo..., se:cdpVersion: 128.0.6613.120, setWindowRect: true, strictFileInteractability: false, timeouts: {implicit: 0, pageLoad: 300000, script: 30000}, unhandledPromptBehavior: dismiss and notify, webauthn:extension:credBlob: true, webauthn:extension:largeBlob: true, webauthn:extension:minPinLength: true, webauthn:extension:prf: true, webauthn:virtualAuthenticators: true}
Session ID: 33ae991a669878edff77682c3914b440]]>
            </message>
            <full-stacktrace>
              <![CDATA[org.openqa.selenium.NoSuchElementException: no such element: Unable to locate element: {"method":"link text","selector":"Terminologie"}
  (Session info: chrome=128.0.6613.120)
For documentation on this error, please visit: https://www.selenium.dev/documentation/webdriver/troubleshooting/errors#no-such-element-exception
Build info: version: '4.24.0', revision: '748ffc9bc3'
System info: os.name: 'Windows 11', os.arch: 'amd64', os.version: '10.0', java.version: '21.0.3'
Driver info: org.openqa.selenium.chrome.ChromeDriver
Command: [33ae991a669878edff77682c3914b440, findElement {using=link text, value=Terminologie}]
Capabilities {acceptInsecureCerts: false, browserName: chrome, browserVersion: 128.0.6613.120, chrome: {chromedriverVersion: 128.0.6613.137 (fe621c5aa2d..., userDataDir: C:\Users\bhara\AppData\Loca...}, fedcm:accounts: true, goog:chromeOptions: {debuggerAddress: localhost:56754}, networkConnectionEnabled: false, pageLoadStrategy: normal, platformName: windows, proxy: Proxy(), se:cdp: ws://localhost:56754/devtoo..., se:cdpVersion: 128.0.6613.120, setWindowRect: true, strictFileInteractability: false, timeouts: {implicit: 0, pageLoad: 300000, script: 30000}, unhandledPromptBehavior: dismiss and notify, webauthn:extension:credBlob: true, webauthn:extension:largeBlob: true, webauthn:extension:minPinLength: true, webauthn:extension:prf: true, webauthn:virtualAuthenticators: true}
Session ID: 33ae991a669878edff77682c3914b440
at java.base/jdk.internal.reflect.DirectConstructorHandleAccessor.newInstance(DirectConstructorHandleAccessor.java:62)
at java.base/java.lang.reflect.Constructor.newInstanceWithCaller(Constructor.java:502)
at java.base/java.lang.reflect.Constructor.newInstance(Constructor.java:486)
at org.openqa.selenium.remote.ErrorCodec.decode(ErrorCodec.java:167)
at org.openqa.selenium.remote.codec.w3c.W3CHttpResponseCodec.decode(W3CHttpResponseCodec.java:138)
at org.openqa.selenium.remote.codec.w3c.W3CHttpResponseCodec.decode(W3CHttpResponseCodec.java:50)
at org.openqa.selenium.remote.HttpCommandExecutor.execute(HttpCommandExecutor.java:190)
at org.openqa.selenium.remote.service.DriverCommandExecutor.invokeExecute(DriverCommandExecutor.java:216)
at org.openqa.selenium.remote.service.DriverCommandExecutor.execute(DriverCommandExecutor.java:174)
at org.openqa.selenium.remote.RemoteWebDriver.execute(RemoteWebDriver.java:545)
at org.openqa.selenium.remote.ElementLocation$ElementFinder$2.findElement(ElementLocation.java:165)
at org.openqa.selenium.remote.ElementLocation.findElement(ElementLocation.java:59)
at org.openqa.selenium.remote.RemoteWebDriver.findElement(RemoteWebDriver.java:368)
at org.openqa.selenium.remote.RemoteWebDriver.findElement(RemoteWebDriver.java:362)
at Pageobjects.LinkedListPageObjects.user_clicks(LinkedListPageObjects.java:54)
at StepDefination.LinkedListStepDefinition.user_clicks(LinkedListStepDefinition.java:38)
at ✽.User clicks "Terminologie"(file:///C:/Users/bhara/eclipse-workspace/DSAlgoCucumberBDDFrameWork/src/test/resources/Featurefile/Trees.feature:36)
]]>
            </full-stacktrace>
          </exception> <!-- org.openqa.selenium.NoSuchElementException -->
          <reporter-output>
          </reporter-output>
        </test-method> <!-- runScenario -->
        <test-method signature="runScenario(io.cucumber.testng.PickleWrapper,io.cucumber.testng.FeatureWrapper)[pri:0, instance:cucumberoptions.TestNgRunner@7c3fdb62]" started-at="2024-09-12T00:26:47 IST" name="runScenario" description="Runs Cucumber Scenarios" data-provider="scenarios" finished-at="2024-09-12T00:26:59 IST" duration-ms="12450" status="PASS">
          <params>
            <param index="0">
              <value>
                <![CDATA["Verify Types of Trees in the Topics"]]>
              </value>
            </param>
            <param index="1">
              <value>
                <![CDATA["Verify Trees page"]]>
              </value>
            </param>
          </params>
          <reporter-output>
          </reporter-output>
        </test-method> <!-- runScenario -->
        <test-method signature="runScenario(io.cucumber.testng.PickleWrapper,io.cucumber.testng.FeatureWrapper)[pri:0, instance:cucumberoptions.TestNgRunner@7c3fdb62]" started-at="2024-09-12T00:26:59 IST" name="runScenario" description="Runs Cucumber Scenarios" data-provider="scenarios" finished-at="2024-09-12T00:27:12 IST" duration-ms="12107" status="PASS">
          <params>
            <param index="0">
              <value>
                <![CDATA["Verify Types of Trees in the Topics"]]>
              </value>
            </param>
            <param index="1">
              <value>
                <![CDATA["Verify Trees page"]]>
              </value>
            </param>
          </params>
          <reporter-output>
          </reporter-output>
        </test-method> <!-- runScenario -->
        <test-method signature="runScenario(io.cucumber.testng.PickleWrapper,io.cucumber.testng.FeatureWrapper)[pri:0, instance:cucumberoptions.TestNgRunner@7c3fdb62]" started-at="2024-09-12T00:27:12 IST" name="runScenario" description="Runs Cucumber Scenarios" data-provider="scenarios" finished-at="2024-09-12T00:27:26 IST" duration-ms="14162" status="PASS">
          <params>
            <param index="0">
              <value>
                <![CDATA["Verify Tree Traversals in the Topics"]]>
              </value>
            </param>
            <param index="1">
              <value>
                <![CDATA["Verify Trees page"]]>
              </value>
            </param>
          </params>
          <reporter-output>
          </reporter-output>
        </test-method> <!-- runScenario -->
        <test-method signature="runScenario(io.cucumber.testng.PickleWrapper,io.cucumber.testng.FeatureWrapper)[pri:0, instance:cucumberoptions.TestNgRunner@7c3fdb62]" started-at="2024-09-12T00:27:26 IST" name="runScenario" description="Runs Cucumber Scenarios" data-provider="scenarios" finished-at="2024-09-12T00:27:38 IST" duration-ms="11956" status="PASS">
          <params>
            <param index="0">
              <value>
                <![CDATA["Verify Tree Traversals in the Topics"]]>
              </value>
            </param>
            <param index="1">
              <value>
                <![CDATA["Verify Trees page"]]>
              </value>
            </param>
          </params>
          <reporter-output>
          </reporter-output>
        </test-method> <!-- runScenario -->
        <test-method signature="runScenario(io.cucumber.testng.PickleWrapper,io.cucumber.testng.FeatureWrapper)[pri:0, instance:cucumberoptions.TestNgRunner@7c3fdb62]" started-at="2024-09-12T00:27:38 IST" name="runScenario" description="Runs Cucumber Scenarios" data-provider="scenarios" finished-at="2024-09-12T00:27:49 IST" duration-ms="11538" status="PASS">
          <params>
            <param index="0">
              <value>
                <![CDATA["Verify Traversals-Illustration in the Topics"]]>
              </value>
            </param>
            <param index="1">
              <value>
                <![CDATA["Verify Trees page"]]>
              </value>
            </param>
          </params>
          <reporter-output>
          </reporter-output>
        </test-method> <!-- runScenario -->
        <test-method signature="runScenario(io.cucumber.testng.PickleWrapper,io.cucumber.testng.FeatureWrapper)[pri:0, instance:cucumberoptions.TestNgRunner@7c3fdb62]" started-at="2024-09-12T00:27:49 IST" name="runScenario" description="Runs Cucumber Scenarios" data-provider="scenarios" finished-at="2024-09-12T00:28:00 IST" duration-ms="11111" status="PASS">
          <params>
            <param index="0">
              <value>
                <![CDATA["Verify Traversals-Illustration in the Topics"]]>
              </value>
            </param>
            <param index="1">
              <value>
                <![CDATA["Verify Trees page"]]>
              </value>
            </param>
          </params>
          <reporter-output>
          </reporter-output>
        </test-method> <!-- runScenario -->
        <test-method signature="runScenario(io.cucumber.testng.PickleWrapper,io.cucumber.testng.FeatureWrapper)[pri:0, instance:cucumberoptions.TestNgRunner@7c3fdb62]" started-at="2024-09-12T00:28:00 IST" name="runScenario" description="Runs Cucumber Scenarios" data-provider="scenarios" finished-at="2024-09-12T00:28:11 IST" duration-ms="10979" status="PASS">
          <params>
            <param index="0">
              <value>
                <![CDATA["Verify Binary Trees in the Topics"]]>
              </value>
            </param>
            <param index="1">
              <value>
                <![CDATA["Verify Trees page"]]>
              </value>
            </param>
          </params>
          <reporter-output>
          </reporter-output>
        </test-method> <!-- runScenario -->
        <test-method signature="runScenario(io.cucumber.testng.PickleWrapper,io.cucumber.testng.FeatureWrapper)[pri:0, instance:cucumberoptions.TestNgRunner@7c3fdb62]" started-at="2024-09-12T00:28:11 IST" name="runScenario" description="Runs Cucumber Scenarios" data-provider="scenarios" finished-at="2024-09-12T00:28:23 IST" duration-ms="11404" status="PASS">
          <params>
            <param index="0">
              <value>
                <![CDATA["Verify Binary Trees in the Topics"]]>
              </value>
            </param>
            <param index="1">
              <value>
                <![CDATA["Verify Trees page"]]>
              </value>
            </param>
          </params>
          <reporter-output>
          </reporter-output>
        </test-method> <!-- runScenario -->
        <test-method signature="runScenario(io.cucumber.testng.PickleWrapper,io.cucumber.testng.FeatureWrapper)[pri:0, instance:cucumberoptions.TestNgRunner@7c3fdb62]" started-at="2024-09-12T00:28:23 IST" name="runScenario" description="Runs Cucumber Scenarios" data-provider="scenarios" finished-at="2024-09-12T00:28:34 IST" duration-ms="11567" status="PASS">
          <params>
            <param index="0">
              <value>
                <![CDATA["Verify Types of Binary Trees in the Topics"]]>
              </value>
            </param>
            <param index="1">
              <value>
                <![CDATA["Verify Trees page"]]>
              </value>
            </param>
          </params>
          <reporter-output>
          </reporter-output>
        </test-method> <!-- runScenario -->
        <test-method signature="runScenario(io.cucumber.testng.PickleWrapper,io.cucumber.testng.FeatureWrapper)[pri:0, instance:cucumberoptions.TestNgRunner@7c3fdb62]" started-at="2024-09-12T00:28:34 IST" name="runScenario" description="Runs Cucumber Scenarios" data-provider="scenarios" finished-at="2024-09-12T00:28:46 IST" duration-ms="11947" status="PASS">
          <params>
            <param index="0">
              <value>
                <![CDATA["Verify Types of Binary Trees in the Topics"]]>
              </value>
            </param>
            <param index="1">
              <value>
                <![CDATA["Verify Trees page"]]>
              </value>
            </param>
          </params>
          <reporter-output>
          </reporter-output>
        </test-method> <!-- runScenario -->
        <test-method signature="runScenario(io.cucumber.testng.PickleWrapper,io.cucumber.testng.FeatureWrapper)[pri:0, instance:cucumberoptions.TestNgRunner@7c3fdb62]" started-at="2024-09-12T00:28:46 IST" name="runScenario" description="Runs Cucumber Scenarios" data-provider="scenarios" finished-at="2024-09-12T00:28:58 IST" duration-ms="11931" status="PASS">
          <params>
            <param index="0">
              <value>
                <![CDATA["Verify Implementation in Python in the Topics"]]>
              </value>
            </param>
            <param index="1">
              <value>
                <![CDATA["Verify Trees page"]]>
              </value>
            </param>
          </params>
          <reporter-output>
          </reporter-output>
        </test-method> <!-- runScenario -->
        <test-method signature="runScenario(io.cucumber.testng.PickleWrapper,io.cucumber.testng.FeatureWrapper)[pri:0, instance:cucumberoptions.TestNgRunner@7c3fdb62]" started-at="2024-09-12T00:28:58 IST" name="runScenario" description="Runs Cucumber Scenarios" data-provider="scenarios" finished-at="2024-09-12T00:29:10 IST" duration-ms="11403" status="PASS">
          <params>
            <param index="0">
              <value>
                <![CDATA["Verify Implementation in Python in the Topics"]]>
              </value>
            </param>
            <param index="1">
              <value>
                <![CDATA["Verify Trees page"]]>
              </value>
            </param>
          </params>
          <reporter-output>
          </reporter-output>
        </test-method> <!-- runScenario -->
        <test-method signature="runScenario(io.cucumber.testng.PickleWrapper,io.cucumber.testng.FeatureWrapper)[pri:0, instance:cucumberoptions.TestNgRunner@7c3fdb62]" started-at="2024-09-12T00:29:10 IST" name="runScenario" description="Runs Cucumber Scenarios" data-provider="scenarios" finished-at="2024-09-12T00:29:21 IST" duration-ms="11252" status="PASS">
          <params>
            <param index="0">
              <value>
                <![CDATA["Verify Binary Tree Traversals in the Topics"]]>
              </value>
            </param>
            <param index="1">
              <value>
                <![CDATA["Verify Trees page"]]>
              </value>
            </param>
          </params>
          <reporter-output>
          </reporter-output>
        </test-method> <!-- runScenario -->
        <test-method signature="runScenario(io.cucumber.testng.PickleWrapper,io.cucumber.testng.FeatureWrapper)[pri:0, instance:cucumberoptions.TestNgRunner@7c3fdb62]" started-at="2024-09-12T00:29:21 IST" name="runScenario" description="Runs Cucumber Scenarios" data-provider="scenarios" finished-at="2024-09-12T00:29:32 IST" duration-ms="10924" status="PASS">
          <params>
            <param index="0">
              <value>
                <![CDATA["Verify Binary Tree Traversals in the Topics"]]>
              </value>
            </param>
            <param index="1">
              <value>
                <![CDATA["Verify Trees page"]]>
              </value>
            </param>
          </params>
          <reporter-output>
          </reporter-output>
        </test-method> <!-- runScenario -->
        <test-method signature="runScenario(io.cucumber.testng.PickleWrapper,io.cucumber.testng.FeatureWrapper)[pri:0, instance:cucumberoptions.TestNgRunner@7c3fdb62]" started-at="2024-09-12T00:29:32 IST" name="runScenario" description="Runs Cucumber Scenarios" data-provider="scenarios" finished-at="2024-09-12T00:29:43 IST" duration-ms="10860" status="PASS">
          <params>
            <param index="0">
              <value>
                <![CDATA["Verify Implementation of Binary Trees in the Topics"]]>
              </value>
            </param>
            <param index="1">
              <value>
                <![CDATA["Verify Trees page"]]>
              </value>
            </param>
          </params>
          <reporter-output>
          </reporter-output>
        </test-method> <!-- runScenario -->
        <test-method signature="runScenario(io.cucumber.testng.PickleWrapper,io.cucumber.testng.FeatureWrapper)[pri:0, instance:cucumberoptions.TestNgRunner@7c3fdb62]" started-at="2024-09-12T00:29:43 IST" name="runScenario" description="Runs Cucumber Scenarios" data-provider="scenarios" finished-at="2024-09-12T00:29:54 IST" duration-ms="11356" status="PASS">
          <params>
            <param index="0">
              <value>
                <![CDATA["Verify Implementation of Binary Trees in the Topics"]]>
              </value>
            </param>
            <param index="1">
              <value>
                <![CDATA["Verify Trees page"]]>
              </value>
            </param>
          </params>
          <reporter-output>
          </reporter-output>
        </test-method> <!-- runScenario -->
        <test-method signature="runScenario(io.cucumber.testng.PickleWrapper,io.cucumber.testng.FeatureWrapper)[pri:0, instance:cucumberoptions.TestNgRunner@7c3fdb62]" started-at="2024-09-12T00:29:54 IST" name="runScenario" description="Runs Cucumber Scenarios" data-provider="scenarios" finished-at="2024-09-12T00:30:05 IST" duration-ms="11199" status="PASS">
          <params>
            <param index="0">
              <value>
                <![CDATA["Verify Applications of Binary trees in the Topics"]]>
              </value>
            </param>
            <param index="1">
              <value>
                <![CDATA["Verify Trees page"]]>
              </value>
            </param>
          </params>
          <reporter-output>
          </reporter-output>
        </test-method> <!-- runScenario -->
        <test-method signature="runScenario(io.cucumber.testng.PickleWrapper,io.cucumber.testng.FeatureWrapper)[pri:0, instance:cucumberoptions.TestNgRunner@7c3fdb62]" started-at="2024-09-12T00:30:05 IST" name="runScenario" description="Runs Cucumber Scenarios" data-provider="scenarios" finished-at="2024-09-12T00:30:16 IST" duration-ms="10551" status="PASS">
          <params>
            <param index="0">
              <value>
                <![CDATA["Verify Applications of Binary trees in the Topics"]]>
              </value>
            </param>
            <param index="1">
              <value>
                <![CDATA["Verify Trees page"]]>
              </value>
            </param>
          </params>
          <reporter-output>
          </reporter-output>
        </test-method> <!-- runScenario -->
        <test-method signature="runScenario(io.cucumber.testng.PickleWrapper,io.cucumber.testng.FeatureWrapper)[pri:0, instance:cucumberoptions.TestNgRunner@7c3fdb62]" started-at="2024-09-12T00:30:16 IST" name="runScenario" description="Runs Cucumber Scenarios" data-provider="scenarios" finished-at="2024-09-12T00:30:27 IST" duration-ms="11701" status="PASS">
          <params>
            <param index="0">
              <value>
                <![CDATA["Verify Binary Search Trees in the Topics"]]>
              </value>
            </param>
            <param index="1">
              <value>
                <![CDATA["Verify Trees page"]]>
              </value>
            </param>
          </params>
          <reporter-output>
          </reporter-output>
        </test-method> <!-- runScenario -->
        <test-method signature="runScenario(io.cucumber.testng.PickleWrapper,io.cucumber.testng.FeatureWrapper)[pri:0, instance:cucumberoptions.TestNgRunner@7c3fdb62]" started-at="2024-09-12T00:30:27 IST" name="runScenario" description="Runs Cucumber Scenarios" data-provider="scenarios" finished-at="2024-09-12T00:30:39 IST" duration-ms="11093" status="PASS">
          <params>
            <param index="0">
              <value>
                <![CDATA["Verify Binary Search Trees in the Topics"]]>
              </value>
            </param>
            <param index="1">
              <value>
                <![CDATA["Verify Trees page"]]>
              </value>
            </param>
          </params>
          <reporter-output>
          </reporter-output>
        </test-method> <!-- runScenario -->
        <test-method signature="runScenario(io.cucumber.testng.PickleWrapper,io.cucumber.testng.FeatureWrapper)[pri:0, instance:cucumberoptions.TestNgRunner@7c3fdb62]" started-at="2024-09-12T00:30:39 IST" name="runScenario" description="Runs Cucumber Scenarios" data-provider="scenarios" finished-at="2024-09-12T00:30:50 IST" duration-ms="11301" status="PASS">
          <params>
            <param index="0">
              <value>
                <![CDATA["Verify Implementation Of BST in the Topics"]]>
              </value>
            </param>
            <param index="1">
              <value>
                <![CDATA["Verify Trees page"]]>
              </value>
            </param>
          </params>
          <reporter-output>
          </reporter-output>
        </test-method> <!-- runScenario -->
        <test-method signature="runScenario(io.cucumber.testng.PickleWrapper,io.cucumber.testng.FeatureWrapper)[pri:0, instance:cucumberoptions.TestNgRunner@7c3fdb62]" started-at="2024-09-12T00:30:50 IST" name="runScenario" description="Runs Cucumber Scenarios" data-provider="scenarios" finished-at="2024-09-12T00:31:01 IST" duration-ms="10992" status="PASS">
          <params>
            <param index="0">
              <value>
                <![CDATA["Verify Implementation Of BST in the Topics"]]>
              </value>
            </param>
            <param index="1">
              <value>
                <![CDATA["Verify Trees page"]]>
              </value>
            </param>
          </params>
          <reporter-output>
          </reporter-output>
        </test-method> <!-- runScenario -->
        <test-method is-config="true" signature="tearDownClass()[pri:0, instance:cucumberoptions.TestNgRunner@7c3fdb62]" started-at="2024-09-12T00:31:01 IST" name="tearDownClass" finished-at="2024-09-12T00:31:02 IST" duration-ms="1070" status="PASS">
          <reporter-output>
          </reporter-output>
        </test-method> <!-- tearDownClass -->
      </class> <!-- cucumberoptions.TestNgRunner -->
    </test> <!-- Default test -->
  </suite> <!-- Default suite -->
</testng-results>
