<?xml version="1.0" encoding="UTF-8"?>
<testng-results ignored="0" total="2" passed="2" failed="0" skipped="0">
  <reporter-output>
  </reporter-output>
  <suite started-at="2024-08-25T23:33:51 CDT" name="Default suite" finished-at="2024-08-25T23:34:11 CDT" duration-ms="19246">
    <groups>
      <group name="cucumber">
        <method signature="AbstractTestNGCucumberTests.runScenario(io.cucumber.testng.PickleWrapper,io.cucumber.testng.FeatureWrapper)[pri:0, instance:cucumberoptions.TestNgRunner@26adfd2d]" name="runScenario" class="io.cucumber.testng.AbstractTestNGCucumberTests"/>
      </group> <!-- cucumber -->
    </groups>
    <test started-at="2024-08-25T23:33:51 CDT" name="Default test" finished-at="2024-08-25T23:34:11 CDT" duration-ms="19246">
      <class name="cucumberoptions.TestNgRunner">
        <test-method is-config="true" signature="setUpClass(org.testng.ITestContext)[pri:0, instance:cucumberoptions.TestNgRunner@26adfd2d]" started-at="2024-08-25T23:33:51 CDT" name="setUpClass" finished-at="2024-08-25T23:33:53 CDT" duration-ms="1183" status="PASS">
          <params>
            <param index="0">
              <value>
                <![CDATA[org.testng.TestRunner@36bf84e]]>
              </value>
            </param>
          </params>
          <reporter-output>
          </reporter-output>
        </test-method> <!-- setUpClass -->
        <test-method signature="runScenario(io.cucumber.testng.PickleWrapper,io.cucumber.testng.FeatureWrapper)[pri:0, instance:cucumberoptions.TestNgRunner@26adfd2d]" started-at="2024-08-25T23:33:53 CDT" name="runScenario" description="Runs Cucumber Scenarios" data-provider="scenarios" finished-at="2024-08-25T23:34:09 CDT" duration-ms="16681" status="PASS">
          <params>
            <param index="0">
              <value>
                <![CDATA["Verify DataStructure page"]]>
              </value>
            </param>
            <param index="1">
              <value>
                <![CDATA["DsAlgo Landing page"]]>
              </value>
            </param>
          </params>
          <reporter-output>
          </reporter-output>
        </test-method> <!-- runScenario -->
        <test-method signature="runScenario(io.cucumber.testng.PickleWrapper,io.cucumber.testng.FeatureWrapper)[pri:0, instance:cucumberoptions.TestNgRunner@26adfd2d]" started-at="2024-08-25T23:33:53 CDT" name="runScenario" description="Runs Cucumber Scenarios" data-provider="scenarios" finished-at="2024-08-25T23:34:09 CDT" duration-ms="16517" status="PASS">
          <params>
            <param index="0">
              <value>
                <![CDATA["Verify DataStructure page"]]>
              </value>
            </param>
            <param index="1">
              <value>
                <![CDATA["DsAlgo Landing page"]]>
              </value>
            </param>
          </params>
          <reporter-output>
          </reporter-output>
        </test-method> <!-- runScenario -->
        <test-method is-config="true" signature="tearDownClass()[pri:0, instance:cucumberoptions.TestNgRunner@26adfd2d]" started-at="2024-08-25T23:34:09 CDT" name="tearDownClass" finished-at="2024-08-25T23:34:11 CDT" duration-ms="1282" status="PASS">
          <reporter-output>
          </reporter-output>
        </test-method> <!-- tearDownClass -->
      </class> <!-- cucumberoptions.TestNgRunner -->
    </test> <!-- Default test -->
  </suite> <!-- Default suite -->
</testng-results>
