<?xml version="1.0" encoding="UTF-8"?>
<testng-results ignored="0" total="10" passed="10" failed="0" skipped="0">
  <reporter-output>
  </reporter-output>
  <suite started-at="2024-09-13T20:03:39 IST" name="Default suite" finished-at="2024-09-13T20:04:36 IST" duration-ms="56779">
    <groups>
      <group name="cucumber">
        <method signature="AbstractTestNGCucumberTests.runScenario(io.cucumber.testng.PickleWrapper,io.cucumber.testng.FeatureWrapper)[pri:0, instance:cucumberoptions.TestNgRunner@6736fa8d]" name="runScenario" class="io.cucumber.testng.AbstractTestNGCucumberTests"/>
      </group> <!-- cucumber -->
    </groups>
    <test started-at="2024-09-13T20:03:39 IST" name="Default test" finished-at="2024-09-13T20:04:36 IST" duration-ms="56779">
      <class name="cucumberoptions.TestNgRunner">
        <test-method is-config="true" signature="beforeSuite()[pri:0, instance:cucumberoptions.TestNgRunner@6736fa8d]" started-at="2024-09-13T20:03:39 IST" name="beforeSuite" finished-at="2024-09-13T20:03:39 IST" duration-ms="24" status="PASS">
          <reporter-output>
          </reporter-output>
        </test-method> <!-- beforeSuite -->
        <test-method is-config="true" signature="beforeTest()[pri:0, instance:cucumberoptions.TestNgRunner@6736fa8d]" started-at="2024-09-13T20:03:39 IST" name="beforeTest" finished-at="2024-09-13T20:03:39 IST" duration-ms="1" status="PASS">
          <reporter-output>
          </reporter-output>
        </test-method> <!-- beforeTest -->
        <test-method is-config="true" signature="setUpClass(org.testng.ITestContext)[pri:0, instance:cucumberoptions.TestNgRunner@6736fa8d]" started-at="2024-09-13T20:03:39 IST" name="setUpClass" finished-at="2024-09-13T20:03:40 IST" duration-ms="991" status="PASS">
          <params>
            <param index="0">
              <value>
                <![CDATA[org.testng.TestRunner@124ac145]]>
              </value>
            </param>
          </params>
          <reporter-output>
          </reporter-output>
        </test-method> <!-- setUpClass -->
        <test-method is-config="true" signature="beforeClass()[pri:0, instance:cucumberoptions.TestNgRunner@6736fa8d]" started-at="2024-09-13T20:03:40 IST" name="beforeClass" finished-at="2024-09-13T20:03:40 IST" duration-ms="2" status="PASS">
          <reporter-output>
          </reporter-output>
        </test-method> <!-- beforeClass -->
        <test-method signature="runScenario(io.cucumber.testng.PickleWrapper,io.cucumber.testng.FeatureWrapper)[pri:0, instance:cucumberoptions.TestNgRunner@6736fa8d]" started-at="2024-09-13T20:03:40 IST" name="runScenario" description="Runs Cucumber Scenarios" data-provider="scenarios" finished-at="2024-09-13T20:04:27 IST" duration-ms="47186" status="PASS">
          <params>
            <param index="0">
              <value>
                <![CDATA["Verify the Basic Operations in Lists Topics"]]>
              </value>
            </param>
            <param index="1">
              <value>
                <![CDATA["Verify Arrays page"]]>
              </value>
            </param>
          </params>
          <reporter-output>
          </reporter-output>
        </test-method> <!-- runScenario -->
        <test-method signature="runScenario(io.cucumber.testng.PickleWrapper,io.cucumber.testng.FeatureWrapper)[pri:0, instance:cucumberoptions.TestNgRunner@6736fa8d]" started-at="2024-09-13T20:03:40 IST" name="runScenario" description="Runs Cucumber Scenarios" data-provider="scenarios" finished-at="2024-09-13T20:04:28 IST" duration-ms="48362" status="PASS">
          <params>
            <param index="0">
              <value>
                <![CDATA["Verify the Arrays in Python Topics"]]>
              </value>
            </param>
            <param index="1">
              <value>
                <![CDATA["Verify Arrays page"]]>
              </value>
            </param>
          </params>
          <reporter-output>
          </reporter-output>
        </test-method> <!-- runScenario -->
        <test-method signature="runScenario(io.cucumber.testng.PickleWrapper,io.cucumber.testng.FeatureWrapper)[pri:0, instance:cucumberoptions.TestNgRunner@6736fa8d]" started-at="2024-09-13T20:03:40 IST" name="runScenario" description="Runs Cucumber Scenarios" data-provider="scenarios" finished-at="2024-09-13T20:04:35 IST" duration-ms="55139" status="PASS">
          <params>
            <param index="0">
              <value>
                <![CDATA["Verify the Arrays in Python Topics"]]>
              </value>
            </param>
            <param index="1">
              <value>
                <![CDATA["Verify Arrays page"]]>
              </value>
            </param>
          </params>
          <reporter-output>
          </reporter-output>
        </test-method> <!-- runScenario -->
        <test-method signature="runScenario(io.cucumber.testng.PickleWrapper,io.cucumber.testng.FeatureWrapper)[pri:0, instance:cucumberoptions.TestNgRunner@6736fa8d]" started-at="2024-09-13T20:03:40 IST" name="runScenario" description="Runs Cucumber Scenarios" data-provider="scenarios" finished-at="2024-09-13T20:04:29 IST" duration-ms="48738" status="PASS">
          <params>
            <param index="0">
              <value>
                <![CDATA["Verify Applications of Array Topics"]]>
              </value>
            </param>
            <param index="1">
              <value>
                <![CDATA["Verify Arrays page"]]>
              </value>
            </param>
          </params>
          <reporter-output>
          </reporter-output>
        </test-method> <!-- runScenario -->
        <test-method signature="runScenario(io.cucumber.testng.PickleWrapper,io.cucumber.testng.FeatureWrapper)[pri:0, instance:cucumberoptions.TestNgRunner@6736fa8d]" started-at="2024-09-13T20:03:40 IST" name="runScenario" description="Runs Cucumber Scenarios" data-provider="scenarios" finished-at="2024-09-13T20:04:28 IST" duration-ms="47678" status="PASS">
          <params>
            <param index="0">
              <value>
                <![CDATA["Verify Applications of Array Topics"]]>
              </value>
            </param>
            <param index="1">
              <value>
                <![CDATA["Verify Arrays page"]]>
              </value>
            </param>
          </params>
          <reporter-output>
          </reporter-output>
        </test-method> <!-- runScenario -->
        <test-method signature="runScenario(io.cucumber.testng.PickleWrapper,io.cucumber.testng.FeatureWrapper)[pri:0, instance:cucumberoptions.TestNgRunner@6736fa8d]" started-at="2024-09-13T20:03:40 IST" name="runScenario" description="Runs Cucumber Scenarios" data-provider="scenarios" finished-at="2024-09-13T20:04:30 IST" duration-ms="50214" status="PASS">
          <params>
            <param index="0">
              <value>
                <![CDATA["Verify the Arrays Using List Topics"]]>
              </value>
            </param>
            <param index="1">
              <value>
                <![CDATA["Verify Arrays page"]]>
              </value>
            </param>
          </params>
          <reporter-output>
          </reporter-output>
        </test-method> <!-- runScenario -->
        <test-method signature="runScenario(io.cucumber.testng.PickleWrapper,io.cucumber.testng.FeatureWrapper)[pri:0, instance:cucumberoptions.TestNgRunner@6736fa8d]" started-at="2024-09-13T20:03:40 IST" name="runScenario" description="Runs Cucumber Scenarios" data-provider="scenarios" finished-at="2024-09-13T20:04:27 IST" duration-ms="47185" status="PASS">
          <params>
            <param index="0">
              <value>
                <![CDATA["Verify the Arrays Using List Topics"]]>
              </value>
            </param>
            <param index="1">
              <value>
                <![CDATA["Verify Arrays page"]]>
              </value>
            </param>
          </params>
          <reporter-output>
          </reporter-output>
        </test-method> <!-- runScenario -->
        <test-method signature="runScenario(io.cucumber.testng.PickleWrapper,io.cucumber.testng.FeatureWrapper)[pri:0, instance:cucumberoptions.TestNgRunner@6736fa8d]" started-at="2024-09-13T20:03:40 IST" name="runScenario" description="Runs Cucumber Scenarios" data-provider="scenarios" finished-at="2024-09-13T20:04:30 IST" duration-ms="50241" status="PASS">
          <params>
            <param index="0">
              <value>
                <![CDATA["Verify DataStructure page"]]>
              </value>
            </param>
            <param index="1">
              <value>
                <![CDATA["DsAlgo Landing page"]]>
              </value>
            </param>
          </params>
          <reporter-output>
          </reporter-output>
        </test-method> <!-- runScenario -->
        <test-method signature="runScenario(io.cucumber.testng.PickleWrapper,io.cucumber.testng.FeatureWrapper)[pri:0, instance:cucumberoptions.TestNgRunner@6736fa8d]" started-at="2024-09-13T20:03:40 IST" name="runScenario" description="Runs Cucumber Scenarios" data-provider="scenarios" finished-at="2024-09-13T20:04:28 IST" duration-ms="47905" status="PASS">
          <params>
            <param index="0">
              <value>
                <![CDATA["Verify DataStructure page"]]>
              </value>
            </param>
            <param index="1">
              <value>
                <![CDATA["DsAlgo Landing page"]]>
              </value>
            </param>
          </params>
          <reporter-output>
          </reporter-output>
        </test-method> <!-- runScenario -->
        <test-method signature="runScenario(io.cucumber.testng.PickleWrapper,io.cucumber.testng.FeatureWrapper)[pri:0, instance:cucumberoptions.TestNgRunner@6736fa8d]" started-at="2024-09-13T20:03:40 IST" name="runScenario" description="Runs Cucumber Scenarios" data-provider="scenarios" finished-at="2024-09-13T20:04:29 IST" duration-ms="48784" status="PASS">
          <params>
            <param index="0">
              <value>
                <![CDATA["Verify the Basic Operations in Lists Topics"]]>
              </value>
            </param>
            <param index="1">
              <value>
                <![CDATA["Verify Arrays page"]]>
              </value>
            </param>
          </params>
          <reporter-output>
          </reporter-output>
        </test-method> <!-- runScenario -->
        <test-method is-config="true" signature="afterClass()[pri:0, instance:cucumberoptions.TestNgRunner@6736fa8d]" started-at="2024-09-13T20:04:35 IST" name="afterClass" finished-at="2024-09-13T20:04:35 IST" duration-ms="1" status="PASS">
          <reporter-output>
          </reporter-output>
        </test-method> <!-- afterClass -->
        <test-method is-config="true" signature="tearDownClass()[pri:0, instance:cucumberoptions.TestNgRunner@6736fa8d]" started-at="2024-09-13T20:04:35 IST" name="tearDownClass" finished-at="2024-09-13T20:04:36 IST" duration-ms="576" status="PASS">
          <reporter-output>
          </reporter-output>
        </test-method> <!-- tearDownClass -->
        <test-method is-config="true" signature="afterTest()[pri:0, instance:cucumberoptions.TestNgRunner@6736fa8d]" started-at="2024-09-13T20:04:36 IST" name="afterTest" finished-at="2024-09-13T20:04:36 IST" duration-ms="1" status="PASS">
          <reporter-output>
          </reporter-output>
        </test-method> <!-- afterTest -->
        <test-method is-config="true" signature="afterSuite()[pri:0, instance:cucumberoptions.TestNgRunner@6736fa8d]" started-at="2024-09-13T20:04:36 IST" name="afterSuite" finished-at="2024-09-13T20:04:36 IST" duration-ms="4" status="PASS">
          <reporter-output>
          </reporter-output>
        </test-method> <!-- afterSuite -->
      </class> <!-- cucumberoptions.TestNgRunner -->
    </test> <!-- Default test -->
  </suite> <!-- Default suite -->
</testng-results>
