<?xml version="1.0" encoding="UTF-8"?>
<!-- Generated by org.testng.reporters.JUnitReportReporter -->
<testsuite hostname="LAPTOP-P2QE43U4" failures="0" tests="13" name="cucumberoptions.TestNgRunner" time="944.908" errors="1" timestamp="2024-08-29T08:21:02 CDT" skipped="0">
  <testcase classname="cucumberoptions.TestNgRunner" name="runScenario" time="97.327"/>
  <testcase classname="cucumberoptions.TestNgRunner" name="runScenario" time="91.519"/>
  <testcase classname="cucumberoptions.TestNgRunner" name="runScenario" time="91.489"/>
  <testcase classname="cucumberoptions.TestNgRunner" name="runScenario" time="91.465"/>
  <testcase classname="cucumberoptions.TestNgRunner" name="runScenario" time="8.731"/>
  <testcase classname="cucumberoptions.TestNgRunner" name="runScenario" time="95.669"/>
  <testcase classname="cucumberoptions.TestNgRunner" name="runScenario" time="13.581"/>
  <testcase classname="cucumberoptions.TestNgRunner" name="runScenario" time="80.465"/>
  <testcase classname="cucumberoptions.TestNgRunner" name="runScenario" time="86.642"/>
  <testcase classname="cucumberoptions.TestNgRunner" name="runScenario" time="94.978"/>
  <testcase classname="cucumberoptions.TestNgRunner" name="runScenario" time="11.674">
    <error message="Cannot invoke &quot;org.apache.poi.xssf.usermodel.XSSFRow.getCell(int)&quot; because the return value of &quot;org.apache.poi.xssf.usermodel.XSSFSheet.getRow(int)&quot; is null" type="java.lang.NullPointerException">
      <![CDATA[java.lang.NullPointerException: Cannot invoke "org.apache.poi.xssf.usermodel.XSSFRow.getCell(int)" because the return value of "org.apache.poi.xssf.usermodel.XSSFSheet.getRow(int)" is null
at Utils.ExcelDataRetriver.getExceldata(ExcelDataRetriver.java:15)
at StepDefination.NegativeStepDefination.user_enters_invalid_username_and_invalid_password_and_clicks_login_button(NegativeStepDefination.java:32)
at ✽.User enters invalid Username and invalid password and clicks login button(file:///C:/Users/bhara/eclipse-workspace/DSAlgoCucumberBDDFrameWork/src/test/resources/Featurefile/NegativeScenarios.feature:12)
]]>
    </error>
  </testcase> <!-- runScenario -->
  <testcase classname="cucumberoptions.TestNgRunner" name="runScenario" time="86.980"/>
  <testcase classname="cucumberoptions.TestNgRunner" name="runScenario" time="94.388"/>
</testsuite> <!-- cucumberoptions.TestNgRunner -->
